::ffff:127.0.0.1 - - [15/Mar/2021:23:16:14 +0000] "OPTIONS /account/getin HTTP/1.1" 200 4
::ffff:127.0.0.1 - - [15/Mar/2021:23:35:41 +0000] "OPTIONS /account/new HTTP/1.1" 200 4
::ffff:127.0.0.1 - - [16/Mar/2021:00:11:00 +0000] "OPTIONS /account/new HTTP/1.1" 200 4
::1 - - [16/Mar/2021:00:18:51 +0000] "GET / HTTP/1.1" 204 -
::1 - - [16/Mar/2021:00:18:54 +0000] "GET / HTTP/1.1" 204 -
::1 - - [16/Mar/2021:00:18:54 +0000] "GET / HTTP/1.1" 204 -
::1 - - [16/Mar/2021:00:18:54 +0000] "GET / HTTP/1.1" 204 -
::1 - - [16/Mar/2021:00:18:55 +0000] "GET / HTTP/1.1" 204 -
::1 - - [16/Mar/2021:00:18:55 +0000] "GET / HTTP/1.1" 204 -
::1 - - [16/Mar/2021:00:23:27 +0000] "OPTIONS /account/new HTTP/1.1" 204 0
::1 - - [16/Mar/2021:00:24:31 +0000] "OPTIONS /account/new HTTP/1.1" 204 0
::1 - - [16/Mar/2021:00:25:09 +0000] "POST /account/new HTTP/1.1" 500 1653
::1 - - [16/Mar/2021:00:25:09 +0000] "POST /account/new HTTP/1.1" 500 1653
::1 - - [16/Mar/2021:00:25:09 +0000] "POST /account/new HTTP/1.1" 500 1653
::1 - - [16/Mar/2021:00:27:39 +0000] "POST /account/new HTTP/1.1" 500 1563
::1 - - [16/Mar/2021:00:27:55 +0000] "POST /account/new HTTP/1.1" 500 1563
::1 - - [16/Mar/2021:00:31:09 +0000] "GET / HTTP/1.1" 204 -
::ffff:127.0.0.1 - - [16/Mar/2021:00:32:55 +0000] "POST /account/new HTTP/1.1" 500 2018
::1 - - [16/Mar/2021:00:33:31 +0000] "POST /account/new HTTP/1.1" 500 2018
::1 - - [16/Mar/2021:00:33:42 +0000] "POST /account/new HTTP/1.1" 500 2018
::1 - - [16/Mar/2021:00:34:32 +0000] "POST /account/new HTTP/1.1" 500 2018
::1 - - [16/Mar/2021:00:35:55 +0000] "OPTIONS /account/new HTTP/1.1" 204 0
::1 - - [16/Mar/2021:00:36:11 +0000] "OPTIONS /account/new HTTP/1.1" 204 0
::1 - - [16/Mar/2021:00:36:15 +0000] "POST /account/new HTTP/1.1" 500 1653
::1 - - [16/Mar/2021:00:36:15 +0000] "POST /account/new HTTP/1.1" 500 1653
::1 - - [16/Mar/2021:00:36:15 +0000] "POST /account/new HTTP/1.1" 500 1653
::ffff:127.0.0.1 - - [16/Mar/2021:00:39:13 +0000] "POST /account/new HTTP/1.1" 204 -
::ffff:127.0.0.1 - - [16/Mar/2021:00:39:40 +0000] "POST /account/new HTTP/1.1" 400 29
::ffff:127.0.0.1 - - [16/Mar/2021:00:39:41 +0000] "GET /favicon.ico HTTP/1.1" 404 150
::ffff:127.0.0.1 - - [16/Mar/2021:00:46:29 +0000] "POST /account/new HTTP/1.1" 400 29
::ffff:127.0.0.1 - - [16/Mar/2021:00:46:56 +0000] "OPTIONS /account/new HTTP/1.1" 204 0
::ffff:127.0.0.1 - - [16/Mar/2021:00:48:57 +0000] "POST /account/new HTTP/1.1" 500 1563
::1 - - [16/Mar/2021:00:54:07 +0000] "POST /account/new HTTP/1.1" 204 -
::1 - - [16/Mar/2021:00:56:52 +0000] "POST /account/new HTTP/1.1" 204 -
::1 - - [16/Mar/2021:00:57:32 +0000] "POST /account/new HTTP/1.1" 204 -
::1 - - [16/Mar/2021:00:57:43 +0000] "OPTIONS /account/getin HTTP/1.1" 204 0
::1 - - [16/Mar/2021:00:57:49 +0000] "OPTIONS /account/getin HTTP/1.1" 204 0
::1 - - [16/Mar/2021:00:57:54 +0000] "OPTIONS /account/getin HTTP/1.1" 204 0
::1 - - [16/Mar/2021:00:59:02 +0000] "POST /account/getin HTTP/1.1" - -
::1 - - [16/Mar/2021:00:59:02 +0000] "POST /account/getin HTTP/1.1" - -
::1 - - [16/Mar/2021:00:59:02 +0000] "POST /account/getin HTTP/1.1" - -
::1 - - [16/Mar/2021:00:59:02 +0000] "POST /account/getin HTTP/1.1" - -
::1 - - [16/Mar/2021:00:59:02 +0000] "POST /account/getin HTTP/1.1" - -
::1 - - [16/Mar/2021:00:59:02 +0000] "POST /account/getin HTTP/1.1" - -
::1 - - [16/Mar/2021:00:59:02 +0000] "POST /account/getin HTTP/1.1" - -
::1 - - [16/Mar/2021:00:59:07 +0000] "POST /account/new HTTP/1.1" 204 -
::ffff:127.0.0.1 - - [16/Mar/2021:00:59:08 +0000] "POST /account/new HTTP/1.1" 204 -
::ffff:127.0.0.1 - - [16/Mar/2021:00:59:26 +0000] "POST /account/new HTTP/1.1" 400 29
::1 - - [16/Mar/2021:01:01:45 +0000] "POST /account/getin HTTP/1.1" 204 -
::1 - - [16/Mar/2021:01:01:46 +0000] "POST /account/getin HTTP/1.1" 204 -
::1 - - [16/Mar/2021:01:01:47 +0000] "POST /account/getin HTTP/1.1" 204 -
::1 - - [16/Mar/2021:01:01:47 +0000] "POST /account/getin HTTP/1.1" 204 -
::1 - - [16/Mar/2021:01:01:47 +0000] "POST /account/getin HTTP/1.1" 204 -
::1 - - [16/Mar/2021:01:01:47 +0000] "POST /account/getin HTTP/1.1" 204 -
::ffff:127.0.0.1 - - [16/Mar/2021:18:22:57 +0000] "GET / HTTP/1.1" 204 -
::ffff:127.0.0.1 - - [16/Mar/2021:18:23:06 +0000] "POST /account/getin HTTP/1.1" 400 37
::ffff:127.0.0.1 - - [16/Mar/2021:18:23:21 +0000] "GET / HTTP/1.1" 204 -
::ffff:127.0.0.1 - - [16/Mar/2021:18:23:25 +0000] "POST /account/getin HTTP/1.1" 204 -
::ffff:127.0.0.1 - - [16/Mar/2021:18:24:10 +0000] "POST /account/getin HTTP/1.1" 204 -
::1 - - [16/Mar/2021:18:24:37 +0000] "GET / HTTP/1.1" 204 -
::1 - - [16/Mar/2021:18:24:42 +0000] "POST /account/getin HTTP/1.1" 204 -
::1 - - [16/Mar/2021:18:24:45 +0000] "POST /account/getin HTTP/1.1" 204 -
::1 - - [16/Mar/2021:18:24:45 +0000] "POST /account/getin HTTP/1.1" 204 -
::1 - - [16/Mar/2021:18:24:46 +0000] "POST /account/getin HTTP/1.1" 204 -
::1 - - [16/Mar/2021:18:24:46 +0000] "POST /account/getin HTTP/1.1" 204 -
::1 - - [16/Mar/2021:18:24:46 +0000] "POST /account/getin HTTP/1.1" 204 -
::1 - - [16/Mar/2021:18:24:47 +0000] "POST /account/getin HTTP/1.1" 204 -
::1 - - [16/Mar/2021:18:24:56 +0000] "POST /account/getin HTTP/1.1" 204 -
::1 - - [16/Mar/2021:18:24:56 +0000] "POST /account/getin HTTP/1.1" 204 -
::1 - - [16/Mar/2021:18:24:57 +0000] "POST /account/getin HTTP/1.1" 204 -
::1 - - [16/Mar/2021:18:25:00 +0000] "POST /account/getin HTTP/1.1" 204 -
::1 - - [16/Mar/2021:18:25:00 +0000] "POST /account/getin HTTP/1.1" 204 -
::ffff:127.0.0.1 - - [16/Mar/2021:18:40:22 +0000] "GET / HTTP/1.1" 200 3742
::ffff:127.0.0.1 - - [16/Mar/2021:18:40:28 +0000] "POST /account/getin HTTP/1.1" 204 -
::ffff:127.0.0.1 - - [16/Mar/2021:18:40:45 +0000] "GET / HTTP/1.1" 200 3742
::ffff:127.0.0.1 - - [16/Mar/2021:18:40:45 +0000] "GET /favicon.ico HTTP/1.1" 404 150
::1 - - [16/Mar/2021:18:41:25 +0000] "GET / HTTP/1.1" 200 3749
::1 - - [16/Mar/2021:18:41:28 +0000] "GET / HTTP/1.1" 304 -
::1 - - [16/Mar/2021:18:41:30 +0000] "GET / HTTP/1.1" 200 3749
::1 - - [16/Mar/2021:18:41:31 +0000] "GET / HTTP/1.1" 304 -
::1 - - [16/Mar/2021:18:41:33 +0000] "GET / HTTP/1.1" 304 -
::1 - - [16/Mar/2021:18:41:35 +0000] "GET / HTTP/1.1" 304 -
::ffff:127.0.0.1 - - [16/Mar/2021:18:41:36 +0000] "GET / HTTP/1.1" 200 3740
::1 - - [16/Mar/2021:18:41:36 +0000] "GET / HTTP/1.1" 304 -
::1 - - [16/Mar/2021:18:41:38 +0000] "GET / HTTP/1.1" 304 -
::1 - - [16/Mar/2021:18:41:38 +0000] "GET / HTTP/1.1" 304 -
::1 - - [16/Mar/2021:18:41:38 +0000] "GET / HTTP/1.1" 304 -
::1 - - [16/Mar/2021:18:41:39 +0000] "GET / HTTP/1.1" 304 -
::1 - - [16/Mar/2021:18:45:31 +0000] "GET / HTTP/1.1" 200 3749
::1 - - [16/Mar/2021:18:45:33 +0000] "GET / HTTP/1.1" 304 -
::1 - - [16/Mar/2021:18:45:35 +0000] "GET / HTTP/1.1" 304 -
::1 - - [16/Mar/2021:18:46:42 +0000] "GET / HTTP/1.1" 200 3749
::1 - - [16/Mar/2021:18:46:44 +0000] "GET / HTTP/1.1" 304 -
::1 - - [16/Mar/2021:18:46:44 +0000] "GET / HTTP/1.1" 304 -
::1 - - [16/Mar/2021:18:46:46 +0000] "POST /account/out HTTP/1.1" 404 151
::1 - - [16/Mar/2021:18:46:51 +0000] "POST /account/getin HTTP/1.1" 204 -
::1 - - [16/Mar/2021:18:46:51 +0000] "GET / HTTP/1.1" 200 3745
::1 - - [16/Mar/2021:18:47:00 +0000] "POST /account/out HTTP/1.1" 404 151
::1 - - [16/Mar/2021:18:47:01 +0000] "POST /account/getin HTTP/1.1" 204 -
::1 - - [16/Mar/2021:18:47:01 +0000] "GET / HTTP/1.1" 200 3745
::1 - - [16/Mar/2021:18:47:34 +0000] "POST /account/out HTTP/1.1" 404 151
::1 - - [16/Mar/2021:18:47:36 +0000] "POST /account/getin HTTP/1.1" 204 -
::1 - - [16/Mar/2021:18:47:36 +0000] "GET / HTTP/1.1" 200 3745
::1 - - [16/Mar/2021:18:47:42 +0000] "GET / HTTP/1.1" 200 3748
::1 - - [16/Mar/2021:18:47:46 +0000] "POST /account/out HTTP/1.1" 404 151
::1 - - [16/Mar/2021:18:48:58 +0000] "POST /account/getin HTTP/1.1" 204 -
::1 - - [16/Mar/2021:18:48:58 +0000] "GET / HTTP/1.1" 200 3745
::1 - - [16/Mar/2021:18:49:01 +0000] "POST /account/out HTTP/1.1" 404 151
::1 - - [16/Mar/2021:18:49:05 +0000] "GET / HTTP/1.1" 200 3748
::1 - - [16/Mar/2021:18:49:07 +0000] "GET /account/out HTTP/1.1" 204 -
::1 - - [16/Mar/2021:18:49:08 +0000] "POST /account/getin HTTP/1.1" 204 -
::1 - - [16/Mar/2021:18:49:08 +0000] "GET / HTTP/1.1" 200 3745
::1 - - [16/Mar/2021:18:49:10 +0000] "GET /account/out HTTP/1.1" 204 -
::1 - - [16/Mar/2021:18:49:11 +0000] "POST /account/getin HTTP/1.1" 204 -
::1 - - [16/Mar/2021:18:49:11 +0000] "GET / HTTP/1.1" 200 3745
::1 - - [16/Mar/2021:18:49:12 +0000] "GET /account/out HTTP/1.1" 204 -
::1 - - [16/Mar/2021:18:49:24 +0000] "POST /account/getin HTTP/1.1" 204 -
::1 - - [16/Mar/2021:18:49:24 +0000] "GET / HTTP/1.1" 200 3745
::1 - - [16/Mar/2021:18:50:49 +0000] "GET / HTTP/1.1" 200 3747
::1 - - [16/Mar/2021:18:51:03 +0000] "GET / HTTP/1.1" 200 3748
::1 - - [16/Mar/2021:18:51:04 +0000] "GET / HTTP/1.1" 304 -
::1 - - [16/Mar/2021:18:51:05 +0000] "GET / HTTP/1.1" 304 -
::1 - - [16/Mar/2021:18:51:06 +0000] "GET /account/out HTTP/1.1" 204 -
::1 - - [16/Mar/2021:18:51:07 +0000] "POST /account/getin HTTP/1.1" 204 -
::1 - - [16/Mar/2021:18:51:07 +0000] "GET / HTTP/1.1" 200 3745
::1 - - [16/Mar/2021:18:51:08 +0000] "GET /account/out HTTP/1.1" 204 -
::1 - - [16/Mar/2021:18:51:19 +0000] "POST /account/getin HTTP/1.1" 204 -
::1 - - [16/Mar/2021:18:51:19 +0000] "GET / HTTP/1.1" 200 3745
::1 - - [16/Mar/2021:18:55:17 +0000] "GET / HTTP/1.1" 200 3748
::1 - - [16/Mar/2021:18:55:20 +0000] "GET / HTTP/1.1" 304 -
::1 - - [16/Mar/2021:18:55:21 +0000] "GET /account/out HTTP/1.1" 204 -
::1 - - [16/Mar/2021:18:55:22 +0000] "GET / HTTP/1.1" 204 -
::1 - - [16/Mar/2021:18:55:24 +0000] "POST /account/getin HTTP/1.1" 204 -
::1 - - [16/Mar/2021:18:55:24 +0000] "GET / HTTP/1.1" 200 3745
::1 - - [16/Mar/2021:18:55:26 +0000] "GET / HTTP/1.1" 200 3748
::1 - - [16/Mar/2021:18:55:29 +0000] "GET / HTTP/1.1" 200 3748
::ffff:127.0.0.1 - - [16/Mar/2021:19:00:32 +0000] "GET / HTTP/1.1" 200 3742
::ffff:127.0.0.1 - - [16/Mar/2021:19:01:43 +0000] "GET / HTTP/1.1" 200 3742
::ffff:127.0.0.1 - - [16/Mar/2021:19:01:51 +0000] "GET / HTTP/1.1" 304 -
::1 - - [16/Mar/2021:19:26:14 +0000] "GET / HTTP/1.1" 204 -
::1 - - [16/Mar/2021:19:26:22 +0000] "POST /account/getin HTTP/1.1" 204 -
::1 - - [16/Mar/2021:19:26:22 +0000] "GET / HTTP/1.1" 200 886
::1 - - [16/Mar/2021:19:29:15 +0000] "GET /public/images/logo/logo.png HTTP/1.1" 404 166
::1 - - [16/Mar/2021:19:30:01 +0000] "GET /public/images/logo/logo.png HTTP/1.1" 404 166
::1 - - [16/Mar/2021:19:34:03 +0000] "GET /public/undefined HTTP/1.1" 404 155
::1 - - [16/Mar/2021:19:34:27 +0000] "GET / HTTP/1.1" 200 889
::1 - - [16/Mar/2021:19:34:28 +0000] "GET /public/undefined HTTP/1.1" 404 155
::1 - - [16/Mar/2021:19:35:01 +0000] "GET /public//images/logo/logo.png HTTP/1.1" 404 167
::1 - - [16/Mar/2021:19:35:07 +0000] "GET / HTTP/1.1" 200 889
::1 - - [16/Mar/2021:19:35:07 +0000] "GET /public//images/logo/logo.png HTTP/1.1" 404 167
::1 - - [16/Mar/2021:19:37:26 +0000] "GET / HTTP/1.1" 200 890
::1 - - [16/Mar/2021:19:48:14 +0000] "GET / HTTP/1.1" 204 -
::1 - - [16/Mar/2021:19:48:18 +0000] "GET / HTTP/1.1" 204 -
::1 - - [16/Mar/2021:19:48:19 +0000] "GET / HTTP/1.1" 204 -
::1 - - [16/Mar/2021:19:48:31 +0000] "POST /account/getin HTTP/1.1" 204 -
::1 - - [16/Mar/2021:19:48:31 +0000] "GET / HTTP/1.1" 200 886
::1 - - [16/Mar/2021:19:48:31 +0000] "GET /public//images/logo/logo.png HTTP/1.1" 404 167
::1 - - [16/Mar/2021:19:48:35 +0000] "GET / HTTP/1.1" 200 889
::1 - - [16/Mar/2021:19:51:42 +0000] "GET / HTTP/1.1" 200 889
::1 - - [16/Mar/2021:19:51:48 +0000] "GET / HTTP/1.1" 304 -
::1 - - [16/Mar/2021:19:51:48 +0000] "GET /public//images/logo/logo.png HTTP/1.1" 404 167
::1 - - [16/Mar/2021:19:53:03 +0000] "GET / HTTP/1.1" 200 889
::1 - - [16/Mar/2021:19:56:52 +0000] "GET /public//images/logo/logo.png HTTP/1.1" 404 167
::1 - - [16/Mar/2021:19:57:45 +0000] "GET /public/images/logo/logo.png HTTP/1.1" 404 166
::1 - - [16/Mar/2021:19:58:00 +0000] "POST /me/upload HTTP/1.1" - -
::1 - - [16/Mar/2021:19:58:00 +0000] "GET / HTTP/1.1" 204 -
::1 - - [16/Mar/2021:19:58:06 +0000] "POST /account/getin HTTP/1.1" 204 -
::1 - - [16/Mar/2021:19:58:06 +0000] "GET / HTTP/1.1" 200 886
::1 - - [16/Mar/2021:19:58:06 +0000] "GET /public/images/logo/logo.png HTTP/1.1" 404 166
::1 - - [16/Mar/2021:19:58:28 +0000] "GET / HTTP/1.1" 200 890
::1 - - [16/Mar/2021:19:58:28 +0000] "GET /public/images/logo/logo.png HTTP/1.1" 404 166
::1 - - [16/Mar/2021:19:58:46 +0000] "GET / HTTP/1.1" 200 890
::1 - - [16/Mar/2021:19:58:47 +0000] "GET /public/images/logo/logo.png HTTP/1.1" 404 166
::1 - - [16/Mar/2021:19:58:50 +0000] "GET / HTTP/1.1" 200 890
::1 - - [16/Mar/2021:19:58:50 +0000] "GET /public/images/logo/logo.png HTTP/1.1" 404 166
::1 - - [16/Mar/2021:19:59:06 +0000] "POST /me/upload HTTP/1.1" 204 -
::1 - - [16/Mar/2021:19:59:11 +0000] "GET / HTTP/1.1" 200 2718
::1 - - [16/Mar/2021:19:59:11 +0000] "GET /public/images/logo/logo.png HTTP/1.1" 404 166
::1 - - [16/Mar/2021:20:01:57 +0000] "GET / HTTP/1.1" 204 -
::1 - - [16/Mar/2021:20:01:59 +0000] "GET / HTTP/1.1" 204 -
::1 - - [16/Mar/2021:20:02:04 +0000] "GET / HTTP/1.1" 204 -
::1 - - [16/Mar/2021:20:02:08 +0000] "POST /account/getin HTTP/1.1" 204 -
::1 - - [16/Mar/2021:20:02:08 +0000] "GET / HTTP/1.1" 200 2716
::1 - - [16/Mar/2021:20:02:08 +0000] "GET /public/images/logo/logo.png HTTP/1.1" 404 166
::1 - - [16/Mar/2021:20:04:16 +0000] "GET /images/logo/logo.png?cache=0.717009535408694 HTTP/1.1" 200 18902
::1 - - [16/Mar/2021:20:04:33 +0000] "GET /images/logo/logo.png?cache=0.914596191311978 HTTP/1.1" 200 18902
::1 - - [16/Mar/2021:20:04:33 +0000] "GET /images/logo/logo.png HTTP/1.1" 200 18902
::1 - - [16/Mar/2021:20:07:38 +0000] "GET /images/logo/logo.png?cache=0.30108294263985647 HTTP/1.1" 200 18902
::1 - - [16/Mar/2021:20:08:06 +0000] "GET /images/logo/logo.png?cache=0.15054249331363123 HTTP/1.1" 200 18902
::1 - - [16/Mar/2021:20:08:06 +0000] "GET /images/load.gif HTTP/1.1" 200 23989
::1 - - [16/Mar/2021:20:08:38 +0000] "GET /images/logo/logo.png?cache=0.5005159645485215 HTTP/1.1" 200 18902
::1 - - [16/Mar/2021:20:11:05 +0000] "GET /images/logo/logo.png?cache=0.8547991224941525 HTTP/1.1" 200 18902
::1 - - [16/Mar/2021:20:11:55 +0000] "GET /images/logo/logo.png?cache=0.4160843450452727 HTTP/1.1" 200 18902
::1 - - [16/Mar/2021:20:13:22 +0000] "GET /images/logo/logo.png?cache=0.8399409794861021 HTTP/1.1" 200 18902
::1 - - [16/Mar/2021:20:13:45 +0000] "GET /images/logo/logo.png?cache=0.8171569950856681 HTTP/1.1" 200 18902
::1 - - [16/Mar/2021:20:14:48 +0000] "GET /images/logo/logo.png?cache=0.9882728996597929 HTTP/1.1" 200 18902
::1 - - [16/Mar/2021:20:15:48 +0000] "GET /images/logo/logo.png?cache=0.10737820334454784 HTTP/1.1" 200 18902
::1 - - [16/Mar/2021:20:16:22 +0000] "GET /images/logo/logo.png?cache=0.7159499731872403 HTTP/1.1" 200 18902
::1 - - [16/Mar/2021:20:16:32 +0000] "GET /images/logo/logo.png?cache=0.32957025049535216 HTTP/1.1" 200 18902
::1 - - [16/Mar/2021:20:17:24 +0000] "GET /images/logo/logo.png?cache=0.647223257429776 HTTP/1.1" 200 18902
::1 - - [16/Mar/2021:20:17:29 +0000] "GET / HTTP/1.1" 200 2723
::1 - - [16/Mar/2021:20:17:30 +0000] "GET / HTTP/1.1" 304 -
::1 - - [16/Mar/2021:20:17:30 +0000] "GET /images/logo/logo.png?cache=0.6123298058817837 HTTP/1.1" 200 18902
::1 - - [16/Mar/2021:20:17:30 +0000] "GET /images/logo/logo.png HTTP/1.1" 304 -
::1 - - [16/Mar/2021:20:17:30 +0000] "GET /images/load.gif HTTP/1.1" 304 -
::1 - - [16/Mar/2021:20:21:07 +0000] "GET / HTTP/1.1" 204 -
::1 - - [16/Mar/2021:20:21:15 +0000] "POST /account/getin HTTP/1.1" 204 -
::1 - - [16/Mar/2021:20:21:15 +0000] "GET / HTTP/1.1" 200 2719
::1 - - [16/Mar/2021:20:21:15 +0000] "GET /images/logo/logo.png?cache=0.7925908920225788 HTTP/1.1" 200 18902
::1 - - [16/Mar/2021:20:21:15 +0000] "GET /images/logo/logo.png HTTP/1.1" 304 -
::1 - - [16/Mar/2021:20:21:15 +0000] "GET /images/load.gif HTTP/1.1" 304 -
::1 - - [16/Mar/2021:20:23:10 +0000] "GET / HTTP/1.1" 200 2722
::1 - - [16/Mar/2021:20:23:11 +0000] "GET /images/logo/logo.png HTTP/1.1" 304 -
::1 - - [16/Mar/2021:20:23:11 +0000] "GET /images/load.gif HTTP/1.1" 304 -
::1 - - [16/Mar/2021:20:23:11 +0000] "GET /images/logo/logo.png?cache=0.5047766257525759 HTTP/1.1" 200 18902
::1 - - [16/Mar/2021:20:26:20 +0000] "GET / HTTP/1.1" 200 2722
::1 - - [16/Mar/2021:20:26:20 +0000] "GET /images/logo/logo.png HTTP/1.1" 304 -
::1 - - [16/Mar/2021:20:26:57 +0000] "GET / HTTP/1.1" 200 2722
::1 - - [16/Mar/2021:20:26:57 +0000] "GET /images/logo/logo.png HTTP/1.1" 304 -
::1 - - [16/Mar/2021:20:26:58 +0000] "GET / HTTP/1.1" 304 -
::1 - - [16/Mar/2021:20:26:59 +0000] "GET /images/logo/logo.png HTTP/1.1" 304 -
::1 - - [16/Mar/2021:20:26:59 +0000] "GET /images/load.gif HTTP/1.1" 304 -
::1 - - [16/Mar/2021:20:26:59 +0000] "GET /images/logo/logo.png?cache=0.6414244513492124 HTTP/1.1" 200 18902
::1 - - [16/Mar/2021:20:27:00 +0000] "GET / HTTP/1.1" 304 -
::1 - - [16/Mar/2021:20:27:00 +0000] "GET /images/logo/logo.png HTTP/1.1" 304 -
::1 - - [16/Mar/2021:20:27:00 +0000] "GET /images/load.gif HTTP/1.1" 304 -
::1 - - [16/Mar/2021:20:27:00 +0000] "GET /images/logo/logo.png?cache=0.7454133105943515 HTTP/1.1" 200 18902
::1 - - [16/Mar/2021:20:28:47 +0000] "GET /images/logo/logo.png?cache=0.04540145210551594 HTTP/1.1" 200 18902
::1 - - [16/Mar/2021:20:28:49 +0000] "GET / HTTP/1.1" 200 2722
::1 - - [16/Mar/2021:20:28:49 +0000] "GET /images/logo/logo.png HTTP/1.1" 304 -
::1 - - [16/Mar/2021:20:28:49 +0000] "GET /images/load.gif HTTP/1.1" 304 -
::1 - - [16/Mar/2021:20:28:49 +0000] "GET /images/logo/logo.png?cache=0.8353376745459582 HTTP/1.1" 200 18902
::1 - - [16/Mar/2021:20:30:39 +0000] "GET / HTTP/1.1" 200 2722
::1 - - [16/Mar/2021:20:30:40 +0000] "GET /images/logo/logo.png HTTP/1.1" 304 -
::1 - - [16/Mar/2021:20:30:40 +0000] "GET /images/load.gif HTTP/1.1" 304 -
::1 - - [16/Mar/2021:20:30:40 +0000] "GET /images/logo/logo.png?cache=0.251371956256601 HTTP/1.1" 200 18902
::1 - - [16/Mar/2021:20:30:58 +0000] "GET /images/logo/logo.png?cache=0.5465771943436357 HTTP/1.1" 200 18902
::1 - - [16/Mar/2021:20:31:00 +0000] "GET / HTTP/1.1" 200 2723
::1 - - [16/Mar/2021:20:31:00 +0000] "GET /images/logo/logo.png HTTP/1.1" 304 -
::1 - - [16/Mar/2021:20:31:00 +0000] "GET /images/load.gif HTTP/1.1" 304 -
::1 - - [16/Mar/2021:20:31:00 +0000] "GET /images/logo/logo.png?cache=0.6882931419214315 HTTP/1.1" 200 18902
::1 - - [16/Mar/2021:20:31:53 +0000] "GET /account/out HTTP/1.1" 204 -
::1 - - [16/Mar/2021:20:31:59 +0000] "POST /account/getin HTTP/1.1" 204 -
::1 - - [16/Mar/2021:20:31:59 +0000] "GET / HTTP/1.1" 200 2719
::1 - - [16/Mar/2021:20:31:59 +0000] "GET /images/logo/logo.png?cache=0.32661209637628996 HTTP/1.1" 200 18902
::1 - - [16/Mar/2021:20:32:02 +0000] "GET / HTTP/1.1" 200 2722
::1 - - [16/Mar/2021:20:32:03 +0000] "GET /images/logo/logo.png HTTP/1.1" 304 -
::1 - - [16/Mar/2021:20:32:09 +0000] "GET / HTTP/1.1" 200 2723
::1 - - [16/Mar/2021:20:32:09 +0000] "GET /images/logo/logo.png HTTP/1.1" 304 -
::1 - - [16/Mar/2021:20:32:09 +0000] "GET /images/load.gif HTTP/1.1" 304 -
::1 - - [16/Mar/2021:20:32:09 +0000] "GET /images/logo/logo.png?cache=0.15835935680186708 HTTP/1.1" 200 18902
::1 - - [16/Mar/2021:20:32:11 +0000] "GET / HTTP/1.1" 200 2723
::1 - - [16/Mar/2021:20:32:12 +0000] "GET /images/logo/logo.png HTTP/1.1" 304 -
::1 - - [16/Mar/2021:20:32:14 +0000] "GET / HTTP/1.1" 200 2723
::1 - - [16/Mar/2021:20:32:14 +0000] "GET /images/logo/logo.png HTTP/1.1" 304 -
::1 - - [16/Mar/2021:20:32:14 +0000] "GET /images/load.gif HTTP/1.1" 304 -
::1 - - [16/Mar/2021:20:32:14 +0000] "GET /images/logo/logo.png?cache=0.5872969832472739 HTTP/1.1" 200 18902
::1 - - [16/Mar/2021:20:32:15 +0000] "GET / HTTP/1.1" 200 2723
::1 - - [16/Mar/2021:20:33:23 +0000] "GET / HTTP/1.1" 200 2721
::1 - - [16/Mar/2021:20:33:23 +0000] "GET /images/logo/logo.png HTTP/1.1" 304 -
::1 - - [16/Mar/2021:20:33:23 +0000] "GET /images/load.gif HTTP/1.1" 304 -
::1 - - [16/Mar/2021:20:33:23 +0000] "GET /images/logo/logo.png?cache=0.5345922836441634 HTTP/1.1" 200 18902
::1 - - [16/Mar/2021:20:33:53 +0000] "GET /images/logo/logo.png?cache=0.34550915411775884 HTTP/1.1" 200 18902
::1 - - [16/Mar/2021:20:34:08 +0000] "GET / HTTP/1.1" 200 2722
::1 - - [16/Mar/2021:20:34:08 +0000] "GET /images/logo/logo.png HTTP/1.1" 304 -
::1 - - [16/Mar/2021:20:34:08 +0000] "GET /images/load.gif HTTP/1.1" 304 -
::1 - - [16/Mar/2021:20:34:09 +0000] "GET /images/logo/logo.png?cache=0.269322710395532 HTTP/1.1" 200 18902
::1 - - [16/Mar/2021:20:34:10 +0000] "GET / HTTP/1.1" 304 -
::1 - - [16/Mar/2021:20:34:12 +0000] "GET / HTTP/1.1" 304 -
::1 - - [16/Mar/2021:20:34:12 +0000] "GET /images/logo/logo.png HTTP/1.1" 304 -
::1 - - [16/Mar/2021:20:35:27 +0000] "GET / HTTP/1.1" 204 -
::1 - - [16/Mar/2021:20:35:33 +0000] "POST /account/getin HTTP/1.1" 204 -
::1 - - [16/Mar/2021:20:35:33 +0000] "GET / HTTP/1.1" 200 2718
::1 - - [16/Mar/2021:20:35:33 +0000] "GET /images/logo/logo.png HTTP/1.1" 304 -
::1 - - [16/Mar/2021:20:35:33 +0000] "GET /images/logo/logo.png?cache=0.46580581268552557 HTTP/1.1" 200 18902
::1 - - [16/Mar/2021:20:35:33 +0000] "GET /images/load.gif HTTP/1.1" 304 -
::1 - - [16/Mar/2021:20:37:28 +0000] "GET / HTTP/1.1" 200 2722
::1 - - [16/Mar/2021:20:37:28 +0000] "GET /images/logo/logo.png HTTP/1.1" 304 -
::1 - - [16/Mar/2021:20:37:54 +0000] "GET / HTTP/1.1" 200 2722
::1 - - [16/Mar/2021:20:37:54 +0000] "GET /images/logo/logo.png HTTP/1.1" 304 -
::1 - - [16/Mar/2021:20:37:54 +0000] "GET /images/load.gif HTTP/1.1" 304 -
::1 - - [16/Mar/2021:20:37:54 +0000] "GET /images/logo/logo.png?cache=0.7653236469844382 HTTP/1.1" 200 18902
::1 - - [16/Mar/2021:20:37:55 +0000] "GET / HTTP/1.1" 304 -
::1 - - [16/Mar/2021:20:37:55 +0000] "GET /images/logo/logo.png HTTP/1.1" 304 -
::1 - - [16/Mar/2021:20:37:55 +0000] "GET /images/load.gif HTTP/1.1" 304 -
::1 - - [16/Mar/2021:20:37:55 +0000] "GET /images/logo/logo.png?cache=0.6185494419689885 HTTP/1.1" 200 18902
::1 - - [16/Mar/2021:20:38:11 +0000] "GET / HTTP/1.1" 200 2722
::1 - - [16/Mar/2021:20:38:11 +0000] "GET /images/logo/logo.png HTTP/1.1" 304 -
::1 - - [16/Mar/2021:20:38:11 +0000] "GET /images/load.gif HTTP/1.1" 304 -
::1 - - [16/Mar/2021:20:38:11 +0000] "GET /images/logo/logo.png?cache=0.08653705171646786 HTTP/1.1" 200 18902
::1 - - [16/Mar/2021:20:38:18 +0000] "GET / HTTP/1.1" 304 -
::1 - - [16/Mar/2021:20:38:18 +0000] "GET /images/logo/logo.png HTTP/1.1" 304 -
::1 - - [16/Mar/2021:20:38:27 +0000] "GET / HTTP/1.1" 304 -
::1 - - [16/Mar/2021:20:38:27 +0000] "GET /images/logo/logo.png HTTP/1.1" 304 -
::1 - - [16/Mar/2021:20:38:27 +0000] "GET /images/load.gif HTTP/1.1" 304 -
::1 - - [16/Mar/2021:20:38:27 +0000] "GET /images/logo/logo.png?cache=0.2833904517565824 HTTP/1.1" 200 18902
::1 - - [16/Mar/2021:20:39:26 +0000] "GET / HTTP/1.1" 200 2722
::1 - - [16/Mar/2021:20:39:47 +0000] "GET / HTTP/1.1" 204 -
::1 - - [16/Mar/2021:20:39:48 +0000] "POST /account/getin HTTP/1.1" 400 37
::1 - - [16/Mar/2021:20:39:52 +0000] "POST /account/getin HTTP/1.1" 204 -
::1 - - [16/Mar/2021:20:39:52 +0000] "GET / HTTP/1.1" 200 2719
::1 - - [16/Mar/2021:20:39:52 +0000] "GET /images/logo/logo.png HTTP/1.1" 304 -
::1 - - [16/Mar/2021:20:39:52 +0000] "GET /images/logo/logo.png?cache=0.018292930161964094 HTTP/1.1" 200 18902
::1 - - [16/Mar/2021:20:39:52 +0000] "GET /images/load.gif HTTP/1.1" 304 -
::1 - - [16/Mar/2021:20:39:55 +0000] "GET / HTTP/1.1" 200 2722
::1 - - [16/Mar/2021:20:52:56 +0000] "GET / HTTP/1.1" 200 2723
::1 - - [16/Mar/2021:20:53:15 +0000] "GET / HTTP/1.1" 304 -
::1 - - [16/Mar/2021:20:54:40 +0000] "GET / HTTP/1.1" 200 2723
::1 - - [16/Mar/2021:21:01:13 +0000] "GET / HTTP/1.1" 200 2711
::1 - - [16/Mar/2021:21:01:30 +0000] "GET / HTTP/1.1" 200 2711
::1 - - [16/Mar/2021:21:01:43 +0000] "GET / HTTP/1.1" 304 -
::1 - - [16/Mar/2021:21:03:41 +0000] "GET / HTTP/1.1" 200 2711
::1 - - [16/Mar/2021:21:06:33 +0000] "GET / HTTP/1.1" 200 2711
::1 - - [16/Mar/2021:21:06:55 +0000] "GET / HTTP/1.1" 304 -
::1 - - [16/Mar/2021:21:08:11 +0000] "GET / HTTP/1.1" 200 2711
::1 - - [16/Mar/2021:21:08:42 +0000] "GET /images/logo/logo.png?cache=0.6277401417544697 HTTP/1.1" 200 18902
::1 - - [16/Mar/2021:21:11:15 +0000] "GET / HTTP/1.1" 200 2711
::1 - - [16/Mar/2021:21:11:31 +0000] "GET / HTTP/1.1" 200 2711
::1 - - [16/Mar/2021:21:11:47 +0000] "GET / HTTP/1.1" 304 -
::1 - - [16/Mar/2021:21:11:47 +0000] "GET /images/logo/logo.png HTTP/1.1" 304 -
::1 - - [16/Mar/2021:21:11:47 +0000] "GET /images/load.gif HTTP/1.1" 304 -
::1 - - [16/Mar/2021:21:11:47 +0000] "GET /images/logo/logo.png?cache=0.23544577865292582 HTTP/1.1" 200 18902
::1 - - [16/Mar/2021:21:11:50 +0000] "GET / HTTP/1.1" 304 -
::1 - - [16/Mar/2021:21:13:12 +0000] "GET / HTTP/1.1" 200 2711
::1 - - [16/Mar/2021:21:13:12 +0000] "GET /images/logo/logo.png HTTP/1.1" 304 -
::1 - - [16/Mar/2021:21:13:12 +0000] "GET /images/load.gif HTTP/1.1" 304 -
::1 - - [16/Mar/2021:21:13:12 +0000] "GET /images/logo/logo.png?cache=0.13719665730217168 HTTP/1.1" 200 18902
::1 - - [16/Mar/2021:21:13:15 +0000] "GET / HTTP/1.1" 304 -
::1 - - [16/Mar/2021:21:13:44 +0000] "GET / HTTP/1.1" 200 2711
::1 - - [16/Mar/2021:21:13:44 +0000] "GET /images/logo/logo.png HTTP/1.1" 304 -
::1 - - [16/Mar/2021:21:13:44 +0000] "GET /images/load.gif HTTP/1.1" 304 -
::1 - - [16/Mar/2021:21:13:44 +0000] "GET /images/logo/logo.png?cache=0.17490881055089447 HTTP/1.1" 200 18902
::1 - - [16/Mar/2021:21:13:46 +0000] "GET / HTTP/1.1" 304 -
::1 - - [16/Mar/2021:21:13:53 +0000] "GET / HTTP/1.1" 304 -
::1 - - [16/Mar/2021:21:13:53 +0000] "GET /images/logo/logo.png HTTP/1.1" 304 -
::1 - - [16/Mar/2021:21:13:53 +0000] "GET /images/load.gif HTTP/1.1" 304 -
::1 - - [16/Mar/2021:21:13:53 +0000] "GET /images/logo/logo.png?cache=0.5923392580327895 HTTP/1.1" 200 18902
::1 - - [16/Mar/2021:21:13:58 +0000] "GET / HTTP/1.1" 304 -
::1 - - [16/Mar/2021:21:14:04 +0000] "GET / HTTP/1.1" 304 -
::1 - - [16/Mar/2021:21:14:04 +0000] "GET /images/logo/logo.png HTTP/1.1" 304 -
::1 - - [16/Mar/2021:21:14:04 +0000] "GET /images/load.gif HTTP/1.1" 304 -
::1 - - [16/Mar/2021:21:14:04 +0000] "GET /images/logo/logo.png?cache=0.39921955324284353 HTTP/1.1" 200 18902
::1 - - [16/Mar/2021:21:14:05 +0000] "GET /account/out HTTP/1.1" 204 -
::1 - - [16/Mar/2021:21:14:12 +0000] "GET / HTTP/1.1" 204 -
::1 - - [16/Mar/2021:21:14:24 +0000] "POST /account/new HTTP/1.1" 204 -
::1 - - [16/Mar/2021:21:14:33 +0000] "GET / HTTP/1.1" 200 2805
::1 - - [16/Mar/2021:21:14:33 +0000] "GET /images/logo/logo.png HTTP/1.1" 304 -
::1 - - [16/Mar/2021:21:14:33 +0000] "GET /images/load.gif HTTP/1.1" 304 -
::1 - - [16/Mar/2021:21:14:33 +0000] "GET /images/logo/logo.png?cache=0.7680012482595358 HTTP/1.1" 200 18902
::1 - - [16/Mar/2021:21:14:51 +0000] "GET / HTTP/1.1" 200 2805
::1 - - [16/Mar/2021:21:20:13 +0000] "GET / HTTP/1.1" 200 2804
::1 - - [16/Mar/2021:21:21:40 +0000] "GET / HTTP/1.1" 200 2804
::1 - - [16/Mar/2021:21:23:01 +0000] "GET / HTTP/1.1" 200 2804
::1 - - [16/Mar/2021:21:23:06 +0000] "GET / HTTP/1.1" 304 -
::1 - - [16/Mar/2021:21:23:07 +0000] "GET /images/logo/logo.png HTTP/1.1" 304 -
::1 - - [16/Mar/2021:21:23:07 +0000] "GET /images/load.gif HTTP/1.1" 304 -
::1 - - [16/Mar/2021:21:23:07 +0000] "GET /images/logo/logo.png?cache=0.4957747274638127 HTTP/1.1" 200 18902
::1 - - [16/Mar/2021:21:23:15 +0000] "GET / HTTP/1.1" 304 -
::1 - - [16/Mar/2021:21:24:50 +0000] "GET / HTTP/1.1" 200 2805
::1 - - [16/Mar/2021:21:25:10 +0000] "GET / HTTP/1.1" 200 2805
::1 - - [16/Mar/2021:21:25:10 +0000] "GET /images/logo/logo.png HTTP/1.1" 304 -
::1 - - [16/Mar/2021:21:25:17 +0000] "GET / HTTP/1.1" 304 -
::1 - - [16/Mar/2021:21:25:17 +0000] "GET /images/logo/logo.png HTTP/1.1" 304 -
::1 - - [16/Mar/2021:21:27:09 +0000] "GET / HTTP/1.1" 200 2805
::1 - - [16/Mar/2021:21:27:09 +0000] "GET /images/logo/logo.png HTTP/1.1" 304 -
::1 - - [16/Mar/2021:21:27:52 +0000] "GET / HTTP/1.1" 304 -
::1 - - [16/Mar/2021:21:27:52 +0000] "GET /images/logo/logo.png HTTP/1.1" 304 -
::1 - - [16/Mar/2021:21:29:42 +0000] "GET / HTTP/1.1" 204 -
::1 - - [16/Mar/2021:21:30:09 +0000] "POST /account/getin HTTP/1.1" 400 37
::1 - - [16/Mar/2021:21:31:39 +0000] "POST /account/getin HTTP/1.1" 204 -
::1 - - [16/Mar/2021:21:31:39 +0000] "GET / HTTP/1.1" 200 2804
::1 - - [16/Mar/2021:21:31:39 +0000] "GET /images/logo/logo.png HTTP/1.1" 304 -
::1 - - [16/Mar/2021:21:31:39 +0000] "GET /images/logo/logo.png?cache=0.09561847798774736 HTTP/1.1" 200 18902
::1 - - [16/Mar/2021:21:31:39 +0000] "GET /images/load.gif HTTP/1.1" 304 -
::1 - - [16/Mar/2021:21:32:07 +0000] "GET / HTTP/1.1" 204 -
::1 - - [16/Mar/2021:21:32:12 +0000] "POST /account/getin HTTP/1.1" 204 -
::1 - - [16/Mar/2021:21:32:12 +0000] "GET / HTTP/1.1" 200 3528
::1 - - [16/Mar/2021:21:32:12 +0000] "GET /images/logo/logo.png HTTP/1.1" 304 -
::1 - - [16/Mar/2021:21:32:12 +0000] "GET /images/load.gif HTTP/1.1" 304 -
::1 - - [16/Mar/2021:21:32:12 +0000] "GET /images/logo/logo.png?cache=0.9259572484251342 HTTP/1.1" 200 18902
::1 - - [16/Mar/2021:21:32:34 +0000] "GET / HTTP/1.1" 200 3532
::1 - - [16/Mar/2021:21:32:34 +0000] "GET /images/logo/logo.png HTTP/1.1" 304 -
::1 - - [16/Mar/2021:21:35:45 +0000] "GET /feeds/teste_8ab36c10-d7b8-ce99-f4d7-1b0453c289124.png HTTP/1.1" 200 25663
::1 - - [16/Mar/2021:21:36:26 +0000] "GET / HTTP/1.1" 200 3531
::1 - - [16/Mar/2021:21:36:26 +0000] "GET /images/logo/logo.png HTTP/1.1" 304 -
::1 - - [16/Mar/2021:21:36:26 +0000] "GET /images/load.gif HTTP/1.1" 304 -
::1 - - [16/Mar/2021:21:36:26 +0000] "GET /images/logo/logo.png?cache=0.16563456634891383 HTTP/1.1" 200 18902
::1 - - [16/Mar/2021:21:40:32 +0000] "GET /feeds/teste_8ab36c10-d7b8-ce99-f4d7-1b0453c289124.png HTTP/1.1" 304 -
::1 - - [16/Mar/2021:21:41:13 +0000] "GET / HTTP/1.1" 204 -
::1 - - [16/Mar/2021:21:41:57 +0000] "POST /account/getin HTTP/1.1" 204 -
::1 - - [16/Mar/2021:21:41:57 +0000] "GET / HTTP/1.1" 200 3528
::1 - - [16/Mar/2021:21:41:57 +0000] "GET /images/logo/logo.png HTTP/1.1" 304 -
::1 - - [16/Mar/2021:21:41:57 +0000] "GET /feeds/teste_8ab36c10-d7b8-ce99-f4d7-1b0453c289124.png HTTP/1.1" 304 -
::1 - - [16/Mar/2021:21:42:00 +0000] "GET /feeds/teste_8ab36c10-d7b8-ce99-f4d7-1b0453c289124.png HTTP/1.1" 304 -
::1 - - [16/Mar/2021:21:42:07 +0000] "GET / HTTP/1.1" 200 3532
::1 - - [16/Mar/2021:21:42:11 +0000] "GET / HTTP/1.1" 200 3532
::1 - - [16/Mar/2021:21:42:11 +0000] "GET /images/logo/logo.png HTTP/1.1" 304 -
::1 - - [16/Mar/2021:21:42:11 +0000] "GET /feeds/teste_8ab36c10-d7b8-ce99-f4d7-1b0453c289124.png HTTP/1.1" 304 -
::1 - - [16/Mar/2021:21:42:12 +0000] "GET /feeds/teste_8ab36c10-d7b8-ce99-f4d7-1b0453c289124.png HTTP/1.1" 304 -
::1 - - [16/Mar/2021:21:42:31 +0000] "GET /feeds/teste_8ab36c10-d7b8-ce99-f4d7-1b0453c289124.png HTTP/1.1" 304 -
::1 - - [16/Mar/2021:21:42:47 +0000] "GET /feeds/teste_8ab36c10-d7b8-ce99-f4d7-1b0453c289124.png HTTP/1.1" 304 -
::1 - - [16/Mar/2021:21:43:32 +0000] "GET /feeds/teste_8ab36c10-d7b8-ce99-f4d7-1b0453c289124.png HTTP/1.1" 304 -
::1 - - [16/Mar/2021:21:43:36 +0000] "GET /feeds/teste_8ab36c10-d7b8-ce99-f4d7-1b0453c289124.png HTTP/1.1" 304 -
::1 - - [16/Mar/2021:21:43:45 +0000] "GET / HTTP/1.1" 200 3531
::1 - - [16/Mar/2021:21:43:45 +0000] "GET /images/logo/logo.png HTTP/1.1" 304 -
::1 - - [16/Mar/2021:21:43:45 +0000] "GET /feeds/teste_8ab36c10-d7b8-ce99-f4d7-1b0453c289124.png HTTP/1.1" 304 -
::1 - - [16/Mar/2021:21:43:50 +0000] "GET / HTTP/1.1" 304 -
::1 - - [16/Mar/2021:21:43:50 +0000] "GET /images/logo/logo.png HTTP/1.1" 304 -
::1 - - [16/Mar/2021:21:43:50 +0000] "GET /feeds/teste_8ab36c10-d7b8-ce99-f4d7-1b0453c289124.png HTTP/1.1" 304 -
::1 - - [16/Mar/2021:21:46:17 +0000] "GET / HTTP/1.1" 200 3531
::1 - - [16/Mar/2021:21:46:17 +0000] "GET /images/logo/logo.png HTTP/1.1" 304 -
::1 - - [16/Mar/2021:21:46:22 +0000] "GET / HTTP/1.1" 304 -
::1 - - [16/Mar/2021:21:46:22 +0000] "GET /images/logo/logo.png HTTP/1.1" 304 -
::1 - - [16/Mar/2021:21:46:23 +0000] "GET /feeds/teste_8ab36c10-d7b8-ce99-f4d7-1b0453c289124.png HTTP/1.1" 304 -
::1 - - [16/Mar/2021:21:46:27 +0000] "GET / HTTP/1.1" 200 3531
::1 - - [16/Mar/2021:21:46:32 +0000] "GET / HTTP/1.1" 304 -
::1 - - [16/Mar/2021:21:57:57 +0000] "GET / HTTP/1.1" 200 3532
::1 - - [16/Mar/2021:21:57:58 +0000] "GET /images/logo/logo.png HTTP/1.1" 304 -
::1 - - [16/Mar/2021:21:57:58 +0000] "GET /feeds/teste_8ab36c10-d7b8-ce99-f4d7-1b0453c289124.png HTTP/1.1" 304 -
::1 - - [16/Mar/2021:21:59:14 +0000] "GET / HTTP/1.1" 200 3532
::1 - - [16/Mar/2021:21:59:14 +0000] "GET //images/logo/logo.png HTTP/1.1" 200 18902
::1 - - [16/Mar/2021:21:59:18 +0000] "GET / HTTP/1.1" 304 -
::1 - - [16/Mar/2021:21:59:18 +0000] "GET /images/logo/logo.png HTTP/1.1" 304 -
::1 - - [16/Mar/2021:21:59:18 +0000] "GET /feeds/teste_8ab36c10-d7b8-ce99-f4d7-1b0453c289124.png HTTP/1.1" 304 -
::1 - - [16/Mar/2021:21:59:19 +0000] "GET / HTTP/1.1" 304 -
::1 - - [16/Mar/2021:21:59:22 +0000] "GET / HTTP/1.1" 304 -
::1 - - [16/Mar/2021:21:59:22 +0000] "GET /images/logo/logo.png HTTP/1.1" 304 -
::1 - - [16/Mar/2021:21:59:22 +0000] "GET /feeds/teste_8ab36c10-d7b8-ce99-f4d7-1b0453c289124.png HTTP/1.1" 304 -
::1 - - [16/Mar/2021:21:59:25 +0000] "GET / HTTP/1.1" 304 -
::1 - - [16/Mar/2021:21:59:25 +0000] "GET //images/logo/logo.png HTTP/1.1" 304 -
::1 - - [16/Mar/2021:22:13:01 +0000] "GET / HTTP/1.1" 204 -
::1 - - [16/Mar/2021:22:13:32 +0000] "GET / HTTP/1.1" 204 -
::1 - - [16/Mar/2021:22:20:48 +0000] "GET / HTTP/1.1" 204 -
::1 - - [16/Mar/2021:22:20:52 +0000] "POST /account/getin HTTP/1.1" 204 -
::1 - - [16/Mar/2021:22:20:52 +0000] "GET / HTTP/1.1" 200 3528
::1 - - [16/Mar/2021:22:20:52 +0000] "GET /images/logo/logo.png HTTP/1.1" 304 -
::1 - - [16/Mar/2021:22:20:52 +0000] "GET /feeds/teste_8ab36c10-d7b8-ce99-f4d7-1b0453c289124.png HTTP/1.1" 304 -
::1 - - [16/Mar/2021:22:20:57 +0000] "GET / HTTP/1.1" 200 3531
::1 - - [16/Mar/2021:22:20:57 +0000] "GET //images/logo/logo.png HTTP/1.1" 304 -
::1 - - [16/Mar/2021:22:21:01 +0000] "OPTIONS /api/v1/user/set HTTP/1.1" 204 0
::1 - - [16/Mar/2021:22:21:01 +0000] "POST /api/v1/user/set HTTP/1.1" 200 4
::1 - - [16/Mar/2021:22:21:01 +0000] "POST /api/v1/user/set HTTP/1.1" 200 4
::1 - - [16/Mar/2021:22:21:01 +0000] "POST /api/v1/user/set HTTP/1.1" 200 4
::1 - - [16/Mar/2021:22:21:01 +0000] "POST /api/v1/user/set HTTP/1.1" 200 4
::1 - - [16/Mar/2021:22:21:01 +0000] "POST /api/v1/user/set HTTP/1.1" 200 4
::1 - - [16/Mar/2021:22:21:01 +0000] "POST /api/v1/user/set HTTP/1.1" 200 4
::1 - - [16/Mar/2021:22:21:01 +0000] "POST /api/v1/user/set HTTP/1.1" 200 4
::1 - - [16/Mar/2021:22:21:01 +0000] "POST /api/v1/user/set HTTP/1.1" 200 4
::1 - - [16/Mar/2021:22:21:01 +0000] "POST /api/v1/user/set HTTP/1.1" 200 4
::1 - - [16/Mar/2021:22:21:01 +0000] "POST /api/v1/user/set HTTP/1.1" 200 4
::1 - - [16/Mar/2021:22:21:01 +0000] "POST /api/v1/user/set HTTP/1.1" 200 4
::1 - - [16/Mar/2021:22:21:02 +0000] "POST /api/v1/user/set HTTP/1.1" 200 4
::1 - - [16/Mar/2021:22:21:03 +0000] "POST /api/v1/user/set HTTP/1.1" 200 4
::1 - - [16/Mar/2021:22:21:03 +0000] "POST /api/v1/user/set HTTP/1.1" 200 4
::1 - - [16/Mar/2021:22:21:03 +0000] "POST /api/v1/user/set HTTP/1.1" 200 4
::1 - - [16/Mar/2021:22:21:03 +0000] "POST /api/v1/user/set HTTP/1.1" 200 4
::1 - - [16/Mar/2021:22:21:03 +0000] "POST /api/v1/user/set HTTP/1.1" 200 4
::1 - - [16/Mar/2021:22:21:04 +0000] "POST /api/v1/user/set HTTP/1.1" 200 4
::1 - - [16/Mar/2021:22:21:04 +0000] "POST /api/v1/user/set HTTP/1.1" 200 4
::1 - - [16/Mar/2021:22:21:04 +0000] "POST /api/v1/user/set HTTP/1.1" 200 4
::1 - - [16/Mar/2021:22:21:04 +0000] "POST /api/v1/user/set HTTP/1.1" 200 4
::1 - - [16/Mar/2021:22:21:04 +0000] "POST /api/v1/user/set HTTP/1.1" 200 4
::1 - - [16/Mar/2021:22:21:04 +0000] "POST /api/v1/user/set HTTP/1.1" 200 4
::1 - - [16/Mar/2021:22:21:05 +0000] "POST /api/v1/user/set HTTP/1.1" 200 4
::1 - - [16/Mar/2021:22:21:05 +0000] "POST /api/v1/user/set HTTP/1.1" 200 4
::1 - - [16/Mar/2021:22:21:05 +0000] "POST /api/v1/user/set HTTP/1.1" 200 4
::1 - - [16/Mar/2021:22:21:05 +0000] "POST /api/v1/user/set HTTP/1.1" 200 4
::1 - - [16/Mar/2021:22:21:05 +0000] "POST /api/v1/user/set HTTP/1.1" 200 4
::1 - - [16/Mar/2021:22:21:05 +0000] "POST /api/v1/user/set HTTP/1.1" 200 4
::1 - - [16/Mar/2021:22:21:06 +0000] "POST /api/v1/user/set HTTP/1.1" 200 4
::1 - - [16/Mar/2021:22:21:06 +0000] "POST /api/v1/user/set HTTP/1.1" 200 4
::1 - - [16/Mar/2021:22:21:06 +0000] "POST /api/v1/user/set HTTP/1.1" 200 4
::1 - - [16/Mar/2021:22:22:33 +0000] "OPTIONS /api/v1/user/set HTTP/1.1" 204 0
::1 - - [16/Mar/2021:22:22:33 +0000] "POST /api/v1/user/set HTTP/1.1" 200 4
::1 - - [16/Mar/2021:22:22:34 +0000] "POST /api/v1/user/set HTTP/1.1" 200 4
::1 - - [16/Mar/2021:22:22:35 +0000] "POST /api/v1/user/set HTTP/1.1" 200 4
::1 - - [16/Mar/2021:22:22:35 +0000] "POST /api/v1/user/set HTTP/1.1" 200 4
::1 - - [16/Mar/2021:22:22:35 +0000] "POST /api/v1/user/set HTTP/1.1" 200 4
::1 - - [16/Mar/2021:22:22:35 +0000] "POST /api/v1/user/set HTTP/1.1" 200 4
::1 - - [16/Mar/2021:22:22:36 +0000] "POST /api/v1/user/set HTTP/1.1" 200 4
::1 - - [16/Mar/2021:22:22:36 +0000] "POST /api/v1/user/set HTTP/1.1" 200 4
::1 - - [16/Mar/2021:22:22:36 +0000] "POST /api/v1/user/set HTTP/1.1" 200 4
::1 - - [16/Mar/2021:22:22:36 +0000] "POST /api/v1/user/set HTTP/1.1" 200 4
::1 - - [16/Mar/2021:22:22:36 +0000] "POST /api/v1/user/set HTTP/1.1" 200 4
::1 - - [16/Mar/2021:22:22:36 +0000] "POST /api/v1/user/set HTTP/1.1" 200 4
::1 - - [16/Mar/2021:22:22:36 +0000] "POST /api/v1/user/set HTTP/1.1" 200 4
::1 - - [16/Mar/2021:22:22:37 +0000] "POST /api/v1/user/set HTTP/1.1" 200 4
::1 - - [16/Mar/2021:22:22:37 +0000] "POST /api/v1/user/set HTTP/1.1" 200 4
::1 - - [16/Mar/2021:22:22:37 +0000] "POST /api/v1/user/set HTTP/1.1" 200 4
::1 - - [16/Mar/2021:22:22:37 +0000] "POST /api/v1/user/set HTTP/1.1" 200 4
::1 - - [16/Mar/2021:22:22:37 +0000] "POST /api/v1/user/set HTTP/1.1" 200 4
::1 - - [16/Mar/2021:22:22:37 +0000] "POST /api/v1/user/set HTTP/1.1" 200 4
::1 - - [16/Mar/2021:22:22:37 +0000] "POST /api/v1/user/set HTTP/1.1" 200 4
::1 - - [16/Mar/2021:22:22:46 +0000] "OPTIONS /api/v1/user/set HTTP/1.1" 204 0
::1 - - [16/Mar/2021:22:22:46 +0000] "POST /api/v1/user/set HTTP/1.1" 200 4
::1 - - [16/Mar/2021:22:22:46 +0000] "POST /api/v1/user/set HTTP/1.1" 200 4
::1 - - [16/Mar/2021:22:22:46 +0000] "POST /api/v1/user/set HTTP/1.1" 200 4
::1 - - [16/Mar/2021:22:22:46 +0000] "POST /api/v1/user/set HTTP/1.1" 200 4
::1 - - [16/Mar/2021:22:22:46 +0000] "POST /api/v1/user/set HTTP/1.1" 200 4
::1 - - [16/Mar/2021:22:22:47 +0000] "POST /api/v1/user/set HTTP/1.1" 200 4
::1 - - [16/Mar/2021:22:22:47 +0000] "POST /api/v1/user/set HTTP/1.1" 200 4
::1 - - [16/Mar/2021:22:22:47 +0000] "POST /api/v1/user/set HTTP/1.1" 200 4
::1 - - [16/Mar/2021:22:22:47 +0000] "POST /api/v1/user/set HTTP/1.1" 200 4
::1 - - [16/Mar/2021:22:24:11 +0000] "GET / HTTP/1.1" 200 3534
::1 - - [16/Mar/2021:22:24:11 +0000] "GET /images/logo/logo.png HTTP/1.1" 304 -
::1 - - [16/Mar/2021:22:24:11 +0000] "GET /feeds/teste_8ab36c10-d7b8-ce99-f4d7-1b0453c289124.png HTTP/1.1" 304 -
::1 - - [16/Mar/2021:22:25:12 +0000] "GET / HTTP/1.1" 200 3534
::1 - - [16/Mar/2021:22:25:12 +0000] "GET //images/logo/logo.png HTTP/1.1" 304 -
::1 - - [16/Mar/2021:22:36:08 +0000] "GET / HTTP/1.1" 200 3535
::1 - - [16/Mar/2021:22:36:08 +0000] "GET //images/logo/logo.png HTTP/1.1" 304 -
::1 - - [16/Mar/2021:22:36:10 +0000] "OPTIONS /api/v1/user/set HTTP/1.1" 204 0
::1 - - [16/Mar/2021:22:36:10 +0000] "POST /api/v1/user/set HTTP/1.1" 404 9
::1 - - [16/Mar/2021:22:37:24 +0000] "GET / HTTP/1.1" 200 3535
::1 - - [16/Mar/2021:22:37:24 +0000] "GET //images/logo/logo.png HTTP/1.1" 304 -
::1 - - [16/Mar/2021:22:37:25 +0000] "GET / HTTP/1.1" 304 -
::1 - - [16/Mar/2021:22:37:25 +0000] "GET /images/logo/logo.png HTTP/1.1" 304 -
::1 - - [16/Mar/2021:22:37:25 +0000] "GET /feeds/teste_8ab36c10-d7b8-ce99-f4d7-1b0453c289124.png HTTP/1.1" 304 -
::1 - - [16/Mar/2021:22:37:28 +0000] "GET / HTTP/1.1" 304 -
::1 - - [16/Mar/2021:22:37:28 +0000] "GET //images/logo/logo.png HTTP/1.1" 304 -
::1 - - [16/Mar/2021:22:37:29 +0000] "OPTIONS /api/v1/user/set HTTP/1.1" 204 0
::1 - - [16/Mar/2021:22:37:29 +0000] "POST /api/v1/user/set HTTP/1.1" 404 9
::1 - - [16/Mar/2021:22:37:34 +0000] "OPTIONS /api/v1/user/set HTTP/1.1" 204 0
::1 - - [16/Mar/2021:22:37:34 +0000] "POST /api/v1/user/set HTTP/1.1" 404 9
::1 - - [16/Mar/2021:22:38:30 +0000] "OPTIONS /api/v1/user/set HTTP/1.1" 204 0
::1 - - [16/Mar/2021:22:38:30 +0000] "POST /api/v1/user/set HTTP/1.1" 404 9
::1 - - [16/Mar/2021:22:38:32 +0000] "GET / HTTP/1.1" 200 3535
::1 - - [16/Mar/2021:22:38:32 +0000] "GET /images/logo/logo.png HTTP/1.1" 304 -
::1 - - [16/Mar/2021:22:38:32 +0000] "GET /feeds/teste_8ab36c10-d7b8-ce99-f4d7-1b0453c289124.png HTTP/1.1" 304 -
::1 - - [16/Mar/2021:22:38:34 +0000] "GET / HTTP/1.1" 304 -
::1 - - [16/Mar/2021:22:38:34 +0000] "GET //images/logo/logo.png HTTP/1.1" 304 -
::1 - - [16/Mar/2021:22:39:48 +0000] "OPTIONS /api/v1/user/set HTTP/1.1" 204 0
::1 - - [16/Mar/2021:22:39:48 +0000] "POST /api/v1/user/set HTTP/1.1" 404 9
::1 - - [16/Mar/2021:22:39:58 +0000] "OPTIONS /api/v1/user/set HTTP/1.1" 204 0
::1 - - [16/Mar/2021:22:39:58 +0000] "POST /api/v1/user/set HTTP/1.1" 404 9
::1 - - [16/Mar/2021:22:41:15 +0000] "OPTIONS /api/v1/user/set HTTP/1.1" 204 0
::1 - - [16/Mar/2021:22:41:15 +0000] "POST /api/v1/user/set HTTP/1.1" 404 9
::1 - - [16/Mar/2021:22:41:19 +0000] "GET / HTTP/1.1" 200 3535
::1 - - [16/Mar/2021:22:41:19 +0000] "GET //images/logo/logo.png HTTP/1.1" 304 -
::1 - - [16/Mar/2021:22:42:40 +0000] "OPTIONS /api/v1/user/set HTTP/1.1" 204 0
::1 - - [16/Mar/2021:22:42:40 +0000] "POST /api/v1/user/set HTTP/1.1" 404 9
::1 - - [16/Mar/2021:22:43:07 +0000] "OPTIONS /api/v1/user/set HTTP/1.1" 204 0
::1 - - [16/Mar/2021:22:43:07 +0000] "POST /api/v1/user/set HTTP/1.1" 404 9
::1 - - [16/Mar/2021:22:46:49 +0000] "POST /api/v1/user/picture?id=604fbe6ddbe61430bb1386ca HTTP/1.1" 200 35
::1 - - [16/Mar/2021:22:46:56 +0000] "GET / HTTP/1.1" 200 3577
::1 - - [16/Mar/2021:22:46:56 +0000] "GET /images/logo/logo.png HTTP/1.1" 304 -
::1 - - [16/Mar/2021:22:46:56 +0000] "GET /feeds/teste_8ab36c10-d7b8-ce99-f4d7-1b0453c289124.png HTTP/1.1" 304 -
::1 - - [16/Mar/2021:22:46:56 +0000] "GET /images/profile_pictures/testef.jpg HTTP/1.1" 200 58017
::1 - - [16/Mar/2021:22:49:42 +0000] "GET / HTTP/1.1" 200 3577
::1 - - [16/Mar/2021:22:49:42 +0000] "GET /images/profile_pictures/testef.jpg HTTP/1.1" 304 -
::1 - - [16/Mar/2021:22:49:42 +0000] "GET /images/logo/logo.png HTTP/1.1" 304 -
::1 - - [16/Mar/2021:22:49:42 +0000] "GET /feeds/teste_8ab36c10-d7b8-ce99-f4d7-1b0453c289124.png HTTP/1.1" 304 -
::1 - - [16/Mar/2021:22:50:29 +0000] "GET / HTTP/1.1" 200 3577
::1 - - [16/Mar/2021:22:50:29 +0000] "GET //images/profile_pictures/testef.jpg HTTP/1.1" 200 58017
::1 - - [16/Mar/2021:22:50:32 +0000] "OPTIONS /api/v1/user/set HTTP/1.1" 204 0
::1 - - [16/Mar/2021:22:50:32 +0000] "POST /api/v1/user/set HTTP/1.1" 404 9
::1 - - [16/Mar/2021:22:50:35 +0000] "POST /api/v1/user/set HTTP/1.1" 404 9
::1 - - [16/Mar/2021:22:50:40 +0000] "OPTIONS /api/v1/user/set HTTP/1.1" 204 0
::1 - - [16/Mar/2021:22:50:40 +0000] "POST /api/v1/user/set HTTP/1.1" 404 9
::1 - - [16/Mar/2021:22:51:09 +0000] "GET / HTTP/1.1" 304 -
::1 - - [16/Mar/2021:22:51:09 +0000] "GET /images/profile_pictures/testef.jpg HTTP/1.1" 304 -
::1 - - [16/Mar/2021:22:51:09 +0000] "GET /images/logo/logo.png HTTP/1.1" 304 -
::1 - - [16/Mar/2021:22:51:09 +0000] "GET /feeds/teste_8ab36c10-d7b8-ce99-f4d7-1b0453c289124.png HTTP/1.1" 304 -
::1 - - [16/Mar/2021:22:51:34 +0000] "GET / HTTP/1.1" 200 3577
::1 - - [16/Mar/2021:22:51:34 +0000] "GET //images/profile_pictures/testef.jpg HTTP/1.1" 304 -
::1 - - [16/Mar/2021:22:53:06 +0000] "GET / HTTP/1.1" 200 3577
::1 - - [16/Mar/2021:22:53:06 +0000] "GET /images/profile_pictures/testef.jpg HTTP/1.1" 304 -
::1 - - [16/Mar/2021:22:53:06 +0000] "GET /images/logo/logo.png HTTP/1.1" 304 -
::1 - - [16/Mar/2021:22:53:06 +0000] "GET /feeds/teste_8ab36c10-d7b8-ce99-f4d7-1b0453c289124.png HTTP/1.1" 304 -
::1 - - [16/Mar/2021:22:53:10 +0000] "GET /account/out HTTP/1.1" 204 -
::1 - - [16/Mar/2021:22:53:15 +0000] "POST /account/getin HTTP/1.1" 400 37
::1 - - [16/Mar/2021:22:53:18 +0000] "POST /account/getin HTTP/1.1" 400 37
::1 - - [16/Mar/2021:22:53:21 +0000] "POST /account/getin HTTP/1.1" 204 -
::1 - - [16/Mar/2021:22:53:21 +0000] "GET / HTTP/1.1" 200 3573
::1 - - [16/Mar/2021:22:53:27 +0000] "GET / HTTP/1.1" 200 3576
::1 - - [16/Mar/2021:22:53:27 +0000] "GET //images/profile_pictures/testef.jpg HTTP/1.1" 304 -
::1 - - [16/Mar/2021:22:53:33 +0000] "OPTIONS /api/v1/user/set HTTP/1.1" 204 0
::1 - - [16/Mar/2021:22:53:33 +0000] "POST /api/v1/user/set HTTP/1.1" 404 9
::1 - - [16/Mar/2021:22:54:22 +0000] "OPTIONS /api/v1/user/set HTTP/1.1" 204 0
::1 - - [16/Mar/2021:22:54:22 +0000] "POST /api/v1/user/set HTTP/1.1" 200 4
::1 - - [16/Mar/2021:22:54:28 +0000] "OPTIONS /api/v1/user/set HTTP/1.1" 204 0
::1 - - [16/Mar/2021:22:54:28 +0000] "POST /api/v1/user/set HTTP/1.1" 200 4
::1 - - [16/Mar/2021:22:54:39 +0000] "OPTIONS /api/v1/user/set HTTP/1.1" 204 0
::1 - - [16/Mar/2021:22:54:39 +0000] "POST /api/v1/user/set HTTP/1.1" 200 4
::1 - - [16/Mar/2021:22:54:49 +0000] "OPTIONS /api/v1/user/set HTTP/1.1" 204 0
::1 - - [16/Mar/2021:22:54:49 +0000] "POST /api/v1/user/set HTTP/1.1" 200 4
::1 - - [16/Mar/2021:22:54:52 +0000] "POST /api/v1/user/set HTTP/1.1" 200 4
::1 - - [16/Mar/2021:22:54:53 +0000] "POST /api/v1/user/set HTTP/1.1" 200 4
::1 - - [16/Mar/2021:22:54:57 +0000] "POST /api/v1/user/picture?id=604fbe6ddbe61430bb1386ca HTTP/1.1" 200 34
::1 - - [16/Mar/2021:22:55:00 +0000] "GET / HTTP/1.1" 200 3495
::1 - - [16/Mar/2021:22:55:00 +0000] "GET /images/profile_pictures/teste.png HTTP/1.1" 200 330247
::1 - - [16/Mar/2021:22:55:00 +0000] "GET /images/logo/logo.png HTTP/1.1" 304 -
::1 - - [16/Mar/2021:22:55:00 +0000] "GET /feeds/teste_8ab36c10-d7b8-ce99-f4d7-1b0453c289124.png HTTP/1.1" 304 -
::1 - - [16/Mar/2021:22:55:06 +0000] "GET / HTTP/1.1" 304 -
::1 - - [16/Mar/2021:22:55:06 +0000] "GET //images/profile_pictures/teste.png HTTP/1.1" 200 330247
::1 - - [16/Mar/2021:22:55:12 +0000] "POST /api/v1/user/picture?id=604fbe6ddbe61430bb1386ca HTTP/1.1" 200 34
::1 - - [16/Mar/2021:22:55:20 +0000] "OPTIONS /api/v1/user/set HTTP/1.1" 204 0
::1 - - [16/Mar/2021:22:55:20 +0000] "POST /api/v1/user/set HTTP/1.1" 200 4
::1 - - [16/Mar/2021:22:55:24 +0000] "POST /api/v1/user/set HTTP/1.1" 200 4
::1 - - [16/Mar/2021:22:55:29 +0000] "OPTIONS /api/v1/user/set HTTP/1.1" 204 0
::1 - - [16/Mar/2021:22:55:29 +0000] "POST /api/v1/user/set HTTP/1.1" 200 4
::1 - - [16/Mar/2021:22:55:33 +0000] "GET / HTTP/1.1" 200 3534
::1 - - [16/Mar/2021:22:55:33 +0000] "GET /images/logo/logo.png HTTP/1.1" 304 -
::1 - - [16/Mar/2021:22:55:33 +0000] "GET /feeds/teste_8ab36c10-d7b8-ce99-f4d7-1b0453c289124.png HTTP/1.1" 304 -
::1 - - [16/Mar/2021:22:55:33 +0000] "GET /images/profile_pictures/teste.jpg HTTP/1.1" 200 58017
::1 - - [16/Mar/2021:22:55:45 +0000] "GET / HTTP/1.1" 304 -
::1 - - [16/Mar/2021:22:55:45 +0000] "GET /images/profile_pictures/teste.jpg HTTP/1.1" 304 -
::1 - - [16/Mar/2021:22:55:45 +0000] "GET /images/logo/logo.png HTTP/1.1" 304 -
::1 - - [16/Mar/2021:22:55:45 +0000] "GET /feeds/teste_8ab36c10-d7b8-ce99-f4d7-1b0453c289124.png HTTP/1.1" 304 -
::1 - - [16/Mar/2021:22:55:48 +0000] "GET / HTTP/1.1" 304 -
::1 - - [16/Mar/2021:22:55:48 +0000] "GET /images/profile_pictures/teste.jpg HTTP/1.1" 304 -
::1 - - [16/Mar/2021:22:55:48 +0000] "GET /images/logo/logo.png HTTP/1.1" 304 -
::1 - - [16/Mar/2021:22:55:48 +0000] "GET /feeds/teste_8ab36c10-d7b8-ce99-f4d7-1b0453c289124.png HTTP/1.1" 304 -
::1 - - [16/Mar/2021:22:55:56 +0000] "GET / HTTP/1.1" 200 3534
::1 - - [16/Mar/2021:22:55:56 +0000] "GET /images/profile_pictures/teste.jpg HTTP/1.1" 304 -
::1 - - [16/Mar/2021:22:55:56 +0000] "GET /feeds/teste_8ab36c10-d7b8-ce99-f4d7-1b0453c289124.png HTTP/1.1" 304 -
::1 - - [16/Mar/2021:22:56:18 +0000] "GET / HTTP/1.1" 304 -
::1 - - [16/Mar/2021:22:56:18 +0000] "GET /images/profile_pictures/teste.jpg HTTP/1.1" 304 -
::1 - - [16/Mar/2021:22:56:18 +0000] "GET /feeds/teste_8ab36c10-d7b8-ce99-f4d7-1b0453c289124.png HTTP/1.1" 304 -
::1 - - [16/Mar/2021:22:56:18 +0000] "GET /images/logo/logo.png HTTP/1.1" 304 -
::1 - - [16/Mar/2021:22:56:23 +0000] "GET / HTTP/1.1" 304 -
::1 - - [16/Mar/2021:22:57:56 +0000] "GET / HTTP/1.1" 200 3534
::1 - - [16/Mar/2021:22:57:56 +0000] "GET /images/profile_pictures/teste.jpg HTTP/1.1" 304 -
::1 - - [16/Mar/2021:22:59:22 +0000] "GET / HTTP/1.1" 200 3534
::1 - - [16/Mar/2021:22:59:29 +0000] "GET / HTTP/1.1" 304 -
::1 - - [16/Mar/2021:22:59:29 +0000] "GET /images/profile_pictures/teste.jpg HTTP/1.1" 304 -
::1 - - [16/Mar/2021:22:59:33 +0000] "GET / HTTP/1.1" 304 -
::1 - - [16/Mar/2021:22:59:33 +0000] "GET //images/profile_pictures/teste.jpg HTTP/1.1" 200 58017
::1 - - [16/Mar/2021:22:59:42 +0000] "OPTIONS /api/v1/user/set HTTP/1.1" 204 0
::1 - - [16/Mar/2021:22:59:42 +0000] "POST /api/v1/user/set HTTP/1.1" 200 4
::1 - - [16/Mar/2021:22:59:48 +0000] "OPTIONS /api/v1/user/set HTTP/1.1" 204 0
::1 - - [16/Mar/2021:22:59:48 +0000] "POST /api/v1/user/set HTTP/1.1" 200 4
::1 - - [16/Mar/2021:22:59:50 +0000] "GET / HTTP/1.1" 304 -
::1 - - [16/Mar/2021:22:59:51 +0000] "GET /images/profile_pictures/teste.jpg HTTP/1.1" 304 -
::1 - - [16/Mar/2021:22:59:51 +0000] "GET /images/logo/logo.png HTTP/1.1" 304 -
::1 - - [16/Mar/2021:22:59:51 +0000] "GET /feeds/teste_8ab36c10-d7b8-ce99-f4d7-1b0453c289124.png HTTP/1.1" 304 -
::1 - - [16/Mar/2021:22:59:53 +0000] "GET / HTTP/1.1" 200 3534
::1 - - [16/Mar/2021:22:59:53 +0000] "GET /images/profile_pictures/teste.jpg HTTP/1.1" 304 -
::1 - - [16/Mar/2021:22:59:57 +0000] "GET / HTTP/1.1" 304 -
::1 - - [16/Mar/2021:22:59:57 +0000] "GET //images/profile_pictures/teste.jpg HTTP/1.1" 304 -
::1 - - [16/Mar/2021:23:00:31 +0000] "GET / HTTP/1.1" 304 -
::1 - - [16/Mar/2021:23:00:31 +0000] "GET /images/profile_pictures/teste.jpg HTTP/1.1" 304 -
::1 - - [16/Mar/2021:23:00:31 +0000] "GET /images/logo/logo.png HTTP/1.1" 304 -
::1 - - [16/Mar/2021:23:00:31 +0000] "GET /feeds/teste_8ab36c10-d7b8-ce99-f4d7-1b0453c289124.png HTTP/1.1" 304 -
::1 - - [16/Mar/2021:23:00:34 +0000] "GET / HTTP/1.1" 304 -
::1 - - [16/Mar/2021:23:01:34 +0000] "GET / HTTP/1.1" 200 3534
::1 - - [16/Mar/2021:23:01:34 +0000] "GET /images/profile_pictures/teste.jpg HTTP/1.1" 304 -
::1 - - [16/Mar/2021:23:01:34 +0000] "GET /images/logo/logo.png HTTP/1.1" 304 -
::1 - - [16/Mar/2021:23:01:34 +0000] "GET /feeds/teste_8ab36c10-d7b8-ce99-f4d7-1b0453c289124.png HTTP/1.1" 304 -
::1 - - [16/Mar/2021:23:04:32 +0000] "GET / HTTP/1.1" 200 3535
::1 - - [16/Mar/2021:23:04:32 +0000] "GET //images/profile_pictures/teste.jpg HTTP/1.1" 304 -
::1 - - [16/Mar/2021:23:04:32 +0000] "GET //images/logo/logo.png HTTP/1.1" 304 -
::1 - - [16/Mar/2021:23:04:56 +0000] "GET / HTTP/1.1" 200 3535
::1 - - [16/Mar/2021:23:04:56 +0000] "GET //images/profile_pictures/teste.jpg HTTP/1.1" 304 -
::1 - - [16/Mar/2021:23:04:56 +0000] "GET //images/logo/logo.png HTTP/1.1" 304 -
::1 - - [16/Mar/2021:23:05:11 +0000] "GET / HTTP/1.1" 304 -
::1 - - [16/Mar/2021:23:05:11 +0000] "GET //images/profile_pictures/teste.jpg HTTP/1.1" 304 -
::1 - - [16/Mar/2021:23:05:11 +0000] "GET //images/logo/logo.png HTTP/1.1" 304 -
::1 - - [16/Mar/2021:23:09:38 +0000] "GET / HTTP/1.1" 200 3535
::1 - - [16/Mar/2021:23:10:36 +0000] "GET /api/v1/search HTTP/1.1" 200 2
::1 - - [16/Mar/2021:23:10:44 +0000] "GET /api/v1/search HTTP/1.1" 304 -
::1 - - [16/Mar/2021:23:11:44 +0000] "GET /api/v1/search HTTP/1.1" 304 -
::1 - - [16/Mar/2021:23:11:44 +0000] "GET /api/v1/search HTTP/1.1" 304 -
::1 - - [16/Mar/2021:23:11:44 +0000] "GET /api/v1/search HTTP/1.1" 304 -
::1 - - [16/Mar/2021:23:11:44 +0000] "GET /api/v1/search HTTP/1.1" 304 -
::1 - - [16/Mar/2021:23:11:44 +0000] "GET /api/v1/search HTTP/1.1" 304 -
::1 - - [16/Mar/2021:23:11:45 +0000] "GET /api/v1/search HTTP/1.1" 304 -
::1 - - [16/Mar/2021:23:11:48 +0000] "GET /api/v1/search HTTP/1.1" 304 -
::1 - - [16/Mar/2021:23:11:48 +0000] "GET /api/v1/search HTTP/1.1" 304 -
::1 - - [16/Mar/2021:23:11:49 +0000] "GET /api/v1/search HTTP/1.1" 304 -
::1 - - [16/Mar/2021:23:11:49 +0000] "GET /api/v1/search HTTP/1.1" 304 -
::1 - - [16/Mar/2021:23:11:49 +0000] "GET /api/v1/search HTTP/1.1" 304 -
::1 - - [16/Mar/2021:23:11:49 +0000] "GET /api/v1/search HTTP/1.1" 304 -
::1 - - [16/Mar/2021:23:11:49 +0000] "GET /api/v1/search HTTP/1.1" 304 -
::1 - - [16/Mar/2021:23:11:49 +0000] "GET /api/v1/search HTTP/1.1" 304 -
::1 - - [16/Mar/2021:23:11:49 +0000] "GET /api/v1/search HTTP/1.1" 304 -
::1 - - [16/Mar/2021:23:11:50 +0000] "GET /api/v1/search HTTP/1.1" 304 -
::1 - - [16/Mar/2021:23:11:50 +0000] "GET /api/v1/search HTTP/1.1" 304 -
::1 - - [16/Mar/2021:23:11:50 +0000] "GET /api/v1/search HTTP/1.1" 304 -
::1 - - [16/Mar/2021:23:11:50 +0000] "GET /api/v1/search HTTP/1.1" 304 -
::1 - - [16/Mar/2021:23:11:50 +0000] "GET /api/v1/search HTTP/1.1" 304 -
::1 - - [16/Mar/2021:23:11:50 +0000] "GET /api/v1/search HTTP/1.1" 304 -
::1 - - [16/Mar/2021:23:12:04 +0000] "GET /api/v1/search HTTP/1.1" 304 -
::1 - - [16/Mar/2021:23:17:58 +0000] "GET / HTTP/1.1" 204 -
::1 - - [16/Mar/2021:23:18:03 +0000] "POST /account/getin HTTP/1.1" 400 37
::1 - - [16/Mar/2021:23:18:05 +0000] "POST /account/getin HTTP/1.1" 204 -
::1 - - [16/Mar/2021:23:18:05 +0000] "GET / HTTP/1.1" 200 3531
::1 - - [16/Mar/2021:23:18:05 +0000] "GET /images/profile_pictures/teste.jpg HTTP/1.1" 304 -
::1 - - [16/Mar/2021:23:18:05 +0000] "GET /images/logo/logo.png HTTP/1.1" 304 -
::1 - - [16/Mar/2021:23:18:05 +0000] "GET /feeds/teste_8ab36c10-d7b8-ce99-f4d7-1b0453c289124.png HTTP/1.1" 304 -
::1 - - [16/Mar/2021:23:18:08 +0000] "GET / HTTP/1.1" 200 3534
::1 - - [16/Mar/2021:23:18:08 +0000] "GET /images/profile_pictures/teste.jpg HTTP/1.1" 304 -
::1 - - [16/Mar/2021:23:18:08 +0000] "GET /feeds/teste_8ab36c10-d7b8-ce99-f4d7-1b0453c289124.png HTTP/1.1" 304 -
::1 - - [16/Mar/2021:23:20:46 +0000] "GET / HTTP/1.1" 200 3534
::1 - - [16/Mar/2021:23:26:04 +0000] "GET / HTTP/1.1" 200 3534
::1 - - [16/Mar/2021:23:26:05 +0000] "GET /images/profile_pictures/teste.jpg HTTP/1.1" 304 -
::1 - - [16/Mar/2021:23:26:05 +0000] "GET /feeds/teste_8ab36c10-d7b8-ce99-f4d7-1b0453c289124.png HTTP/1.1" 304 -
::1 - - [16/Mar/2021:23:26:05 +0000] "GET /images/logo/logo.png HTTP/1.1" 304 -
::1 - - [16/Mar/2021:23:26:06 +0000] "GET / HTTP/1.1" 304 -
::1 - - [16/Mar/2021:23:26:06 +0000] "GET //images/profile_pictures/teste.jpg HTTP/1.1" 304 -
::1 - - [16/Mar/2021:23:26:06 +0000] "GET //images/logo/logo.png HTTP/1.1" 304 -
::1 - - [16/Mar/2021:23:27:26 +0000] "GET / HTTP/1.1" 200 3534
::1 - - [16/Mar/2021:23:27:27 +0000] "GET //images/profile_pictures/teste.jpg HTTP/1.1" 304 -
::1 - - [16/Mar/2021:23:27:27 +0000] "GET //images/logo/logo.png HTTP/1.1" 304 -
::1 - - [16/Mar/2021:23:27:28 +0000] "GET / HTTP/1.1" 304 -
::1 - - [16/Mar/2021:23:27:28 +0000] "GET /feeds/teste_8ab36c10-d7b8-ce99-f4d7-1b0453c289124.png HTTP/1.1" 304 -
::1 - - [16/Mar/2021:23:27:28 +0000] "GET /images/logo/logo.png HTTP/1.1" 304 -
::1 - - [16/Mar/2021:23:42:14 +0000] "GET / HTTP/1.1" 200 3535
::1 - - [16/Mar/2021:23:42:14 +0000] "GET /images/logo/logo.png HTTP/1.1" 304 -
::1 - - [16/Mar/2021:23:42:14 +0000] "GET /images/profile_pictures/teste.jpg HTTP/1.1" 304 -
::1 - - [16/Mar/2021:23:42:14 +0000] "GET /feeds/teste_8ab36c10-d7b8-ce99-f4d7-1b0453c289124.png HTTP/1.1" 304 -
::1 - - [16/Mar/2021:23:42:17 +0000] "GET / HTTP/1.1" 304 -
::1 - - [16/Mar/2021:23:42:17 +0000] "GET //images/profile_pictures/teste.jpg HTTP/1.1" 304 -
::1 - - [16/Mar/2021:23:42:17 +0000] "GET //images/logo/logo.png HTTP/1.1" 304 -
::1 - - [16/Mar/2021:23:42:19 +0000] "GET / HTTP/1.1" 304 -
::1 - - [16/Mar/2021:23:42:19 +0000] "GET /feeds/teste_8ab36c10-d7b8-ce99-f4d7-1b0453c289124.png HTTP/1.1" 304 -
::1 - - [16/Mar/2021:23:42:19 +0000] "GET /images/logo/logo.png HTTP/1.1" 304 -
::1 - - [16/Mar/2021:23:43:01 +0000] "GET / HTTP/1.1" 200 3535
::1 - - [16/Mar/2021:23:43:01 +0000] "GET /feeds/teste_8ab36c10-d7b8-ce99-f4d7-1b0453c289124.png HTTP/1.1" 304 -
::1 - - [16/Mar/2021:23:43:01 +0000] "GET /images/logo/logo.png HTTP/1.1" 304 -
::1 - - [16/Mar/2021:23:44:21 +0000] "GET / HTTP/1.1" 200 3535
::1 - - [16/Mar/2021:23:44:21 +0000] "GET /images/logo/logo.png HTTP/1.1" 304 -
::1 - - [16/Mar/2021:23:44:21 +0000] "GET /feeds/teste_8ab36c10-d7b8-ce99-f4d7-1b0453c289124.png HTTP/1.1" 304 -
::1 - - [16/Mar/2021:23:44:27 +0000] "GET / HTTP/1.1" 304 -
::1 - - [16/Mar/2021:23:44:27 +0000] "GET /images/logo/logo.png HTTP/1.1" 304 -
::1 - - [16/Mar/2021:23:44:27 +0000] "GET /images/profile_pictures/teste.jpg HTTP/1.1" 304 -
::1 - - [16/Mar/2021:23:44:27 +0000] "GET /feeds/teste_8ab36c10-d7b8-ce99-f4d7-1b0453c289124.png HTTP/1.1" 304 -
::1 - - [16/Mar/2021:23:44:37 +0000] "GET / HTTP/1.1" 200 3535
::1 - - [16/Mar/2021:23:44:38 +0000] "GET /images/profile_pictures/teste.jpg HTTP/1.1" 304 -
::1 - - [16/Mar/2021:23:44:38 +0000] "GET /images/logo/logo.png HTTP/1.1" 304 -
::1 - - [16/Mar/2021:23:44:39 +0000] "GET / HTTP/1.1" 304 -
::1 - - [16/Mar/2021:23:44:50 +0000] "GET / HTTP/1.1" 304 -
::1 - - [16/Mar/2021:23:45:26 +0000] "GET / HTTP/1.1" 304 -
::1 - - [16/Mar/2021:23:45:38 +0000] "GET / HTTP/1.1" 200 3535
::1 - - [16/Mar/2021:23:49:02 +0000] "GET /images/profile_pictures/teste.jpg HTTP/1.1" 304 -
::1 - - [16/Mar/2021:23:49:22 +0000] "GET / HTTP/1.1" 200 3535
::1 - - [16/Mar/2021:23:49:30 +0000] "GET / HTTP/1.1" 304 -
::1 - - [16/Mar/2021:23:49:30 +0000] "GET /images/logo/logo.png HTTP/1.1" 304 -
::1 - - [16/Mar/2021:23:50:26 +0000] "GET / HTTP/1.1" 200 3535
::1 - - [16/Mar/2021:23:50:26 +0000] "GET /images/profile_pictures/teste.jpg HTTP/1.1" 304 -
::1 - - [16/Mar/2021:23:50:26 +0000] "GET /images/logo/logo.png HTTP/1.1" 304 -
::1 - - [16/Mar/2021:23:50:26 +0000] "GET /feeds/teste_8ab36c10-d7b8-ce99-f4d7-1b0453c289124.png HTTP/1.1" 304 -
::1 - - [16/Mar/2021:23:51:40 +0000] "GET / HTTP/1.1" 200 3535
::1 - - [16/Mar/2021:23:51:40 +0000] "GET //images/profile_pictures/teste.jpg HTTP/1.1" 304 -
::1 - - [16/Mar/2021:23:51:40 +0000] "GET //images/logo/logo.png HTTP/1.1" 304 -
::1 - - [16/Mar/2021:23:51:42 +0000] "GET / HTTP/1.1" 304 -
::1 - - [16/Mar/2021:23:51:42 +0000] "GET /images/profile_pictures/teste.jpg HTTP/1.1" 304 -
::1 - - [16/Mar/2021:23:51:42 +0000] "GET /images/logo/logo.png HTTP/1.1" 304 -
::1 - - [16/Mar/2021:23:51:42 +0000] "GET /feeds/teste_8ab36c10-d7b8-ce99-f4d7-1b0453c289124.png HTTP/1.1" 304 -
::1 - - [16/Mar/2021:23:52:20 +0000] "GET / HTTP/1.1" 304 -
::1 - - [16/Mar/2021:23:52:20 +0000] "GET /images/profile_pictures/teste.jpg HTTP/1.1" 304 -
::1 - - [16/Mar/2021:23:52:20 +0000] "GET /feeds/teste_8ab36c10-d7b8-ce99-f4d7-1b0453c289124.png HTTP/1.1" 304 -
::1 - - [16/Mar/2021:23:52:22 +0000] "GET / HTTP/1.1" 304 -
::1 - - [16/Mar/2021:23:52:22 +0000] "GET /images/profile_pictures/teste.jpg HTTP/1.1" 304 -
::1 - - [16/Mar/2021:23:52:22 +0000] "GET /feeds/teste_8ab36c10-d7b8-ce99-f4d7-1b0453c289124.png HTTP/1.1" 304 -
::1 - - [16/Mar/2021:23:52:22 +0000] "GET /images/logo/logo.png HTTP/1.1" 304 -
::1 - - [16/Mar/2021:23:52:27 +0000] "GET /account/out HTTP/1.1" 204 -
::1 - - [16/Mar/2021:23:52:40 +0000] "GET / HTTP/1.1" 204 -
::1 - - [16/Mar/2021:23:54:01 +0000] "GET / HTTP/1.1" 204 -
::1 - - [16/Mar/2021:23:54:56 +0000] "GET / HTTP/1.1" 204 -
::1 - - [16/Mar/2021:23:55:01 +0000] "POST /account/getin HTTP/1.1" 204 -
::1 - - [16/Mar/2021:23:55:01 +0000] "GET / HTTP/1.1" 200 3531
::1 - - [16/Mar/2021:23:55:01 +0000] "GET /images/profile_pictures/teste.jpg HTTP/1.1" 304 -
::1 - - [16/Mar/2021:23:55:01 +0000] "GET /images/logo/logo.png HTTP/1.1" 304 -
::1 - - [16/Mar/2021:23:55:01 +0000] "GET /feeds/teste_8ab36c10-d7b8-ce99-f4d7-1b0453c289124.png HTTP/1.1" 304 -
::1 - - [16/Mar/2021:23:55:13 +0000] "GET / HTTP/1.1" 200 3535
::1 - - [16/Mar/2021:23:55:13 +0000] "GET /images/profile_pictures/teste.jpg HTTP/1.1" 304 -
::1 - - [16/Mar/2021:23:55:15 +0000] "GET / HTTP/1.1" 200 3535
::1 - - [16/Mar/2021:23:55:15 +0000] "GET /images/profile_pictures/teste.jpg HTTP/1.1" 304 -
::1 - - [16/Mar/2021:23:55:15 +0000] "GET /images/logo/logo.png HTTP/1.1" 304 -
::1 - - [16/Mar/2021:23:55:15 +0000] "GET /feeds/teste_8ab36c10-d7b8-ce99-f4d7-1b0453c289124.png HTTP/1.1" 304 -
::1 - - [16/Mar/2021:23:56:19 +0000] "GET /account/out HTTP/1.1" 204 -
::1 - - [16/Mar/2021:23:56:21 +0000] "POST /account/getin HTTP/1.1" 204 -
::1 - - [16/Mar/2021:23:56:21 +0000] "GET / HTTP/1.1" 200 3531
::1 - - [16/Mar/2021:23:56:26 +0000] "GET /account/out HTTP/1.1" 204 -
::1 - - [16/Mar/2021:23:56:28 +0000] "POST /account/getin HTTP/1.1" 204 -
::1 - - [16/Mar/2021:23:56:28 +0000] "GET / HTTP/1.1" 200 3531
::1 - - [16/Mar/2021:23:56:29 +0000] "GET / HTTP/1.1" 200 3533
::1 - - [16/Mar/2021:23:56:29 +0000] "GET /images/profile_pictures/teste.jpg HTTP/1.1" 304 -
::1 - - [16/Mar/2021:23:56:29 +0000] "GET /images/logo/logo.png HTTP/1.1" 304 -
::1 - - [16/Mar/2021:23:56:29 +0000] "GET /feeds/teste_8ab36c10-d7b8-ce99-f4d7-1b0453c289124.png HTTP/1.1" 304 -
::1 - - [16/Mar/2021:23:56:34 +0000] "GET / HTTP/1.1" 200 3534
::1 - - [16/Mar/2021:23:56:34 +0000] "GET //images/profile_pictures/teste.jpg HTTP/1.1" 304 -
::1 - - [16/Mar/2021:23:56:34 +0000] "GET //images/logo/logo.png HTTP/1.1" 304 -
::1 - - [16/Mar/2021:23:56:36 +0000] "GET / HTTP/1.1" 200 3534
::1 - - [16/Mar/2021:23:56:36 +0000] "GET /images/profile_pictures/teste.jpg HTTP/1.1" 304 -
::1 - - [16/Mar/2021:23:56:36 +0000] "GET /images/logo/logo.png HTTP/1.1" 304 -
::1 - - [16/Mar/2021:23:56:36 +0000] "GET /feeds/teste_8ab36c10-d7b8-ce99-f4d7-1b0453c289124.png HTTP/1.1" 304 -
::1 - - [16/Mar/2021:23:56:43 +0000] "GET / HTTP/1.1" 200 3535
::1 - - [16/Mar/2021:23:57:13 +0000] "GET / HTTP/1.1" 200 3535
::1 - - [16/Mar/2021:23:57:13 +0000] "GET /images/profile_pictures/teste.jpg HTTP/1.1" 304 -
::1 - - [16/Mar/2021:23:57:13 +0000] "GET /images/logo/logo.png HTTP/1.1" 304 -
::1 - - [16/Mar/2021:23:57:13 +0000] "GET /feeds/teste_8ab36c10-d7b8-ce99-f4d7-1b0453c289124.png HTTP/1.1" 304 -
::1 - - [16/Mar/2021:23:57:19 +0000] "GET / HTTP/1.1" 200 3535
::1 - - [16/Mar/2021:23:57:22 +0000] "GET / HTTP/1.1" 200 3535
::1 - - [16/Mar/2021:23:57:22 +0000] "GET /images/profile_pictures/teste.jpg HTTP/1.1" 304 -
::1 - - [16/Mar/2021:23:57:22 +0000] "GET /images/logo/logo.png HTTP/1.1" 304 -
::1 - - [16/Mar/2021:23:57:22 +0000] "GET /feeds/teste_8ab36c10-d7b8-ce99-f4d7-1b0453c289124.png HTTP/1.1" 304 -
::1 - - [16/Mar/2021:23:57:24 +0000] "GET / HTTP/1.1" 200 3535
::1 - - [16/Mar/2021:23:57:24 +0000] "GET /images/profile_pictures/teste.jpg HTTP/1.1" 304 -
::1 - - [16/Mar/2021:23:57:24 +0000] "GET /feeds/teste_8ab36c10-d7b8-ce99-f4d7-1b0453c289124.png HTTP/1.1" 304 -
::1 - - [16/Mar/2021:23:58:38 +0000] "GET / HTTP/1.1" 204 -
::1 - - [16/Mar/2021:23:58:41 +0000] "GET / HTTP/1.1" 204 -
::1 - - [17/Mar/2021:00:00:37 +0000] "GET / HTTP/1.1" 204 -
::1 - - [17/Mar/2021:00:00:40 +0000] "GET / HTTP/1.1" 204 -
::1 - - [17/Mar/2021:00:01:02 +0000] "POST /account/new HTTP/1.1" 204 -
::1 - - [17/Mar/2021:00:01:08 +0000] "GET / HTTP/1.1" 200 3503
::1 - - [17/Mar/2021:00:01:08 +0000] "GET /images/profile_pictures/teste.jpg HTTP/1.1" 304 -
::1 - - [17/Mar/2021:00:01:08 +0000] "GET /images/logo/logo.png HTTP/1.1" 304 -
::1 - - [17/Mar/2021:00:01:08 +0000] "GET /feeds/teste_8ab36c10-d7b8-ce99-f4d7-1b0453c289124.png HTTP/1.1" 304 -
::1 - - [17/Mar/2021:00:01:39 +0000] "GET /account/out HTTP/1.1" 204 -
::1 - - [17/Mar/2021:00:01:42 +0000] "GET / HTTP/1.1" 204 -
::1 - - [17/Mar/2021:00:01:52 +0000] "POST /account/new HTTP/1.1" 204 -
::1 - - [17/Mar/2021:00:02:39 +0000] "GET / HTTP/1.1" 200 3924
::1 - - [17/Mar/2021:00:02:40 +0000] "GET / HTTP/1.1" 200 3924
::1 - - [17/Mar/2021:00:02:41 +0000] "GET /images/profile_pictures/teste.jpg HTTP/1.1" 304 -
::1 - - [17/Mar/2021:00:02:41 +0000] "GET /images/logo/logo.png HTTP/1.1" 304 -
::1 - - [17/Mar/2021:00:02:41 +0000] "GET /feeds/teste_8ab36c10-d7b8-ce99-f4d7-1b0453c289124.png HTTP/1.1" 304 -
::1 - - [17/Mar/2021:00:02:42 +0000] "GET /account/out HTTP/1.1" 204 -
::1 - - [17/Mar/2021:00:02:44 +0000] "GET / HTTP/1.1" 204 -
::1 - - [17/Mar/2021:00:02:52 +0000] "POST /account/new HTTP/1.1" 204 -
::1 - - [17/Mar/2021:00:02:52 +0000] "GET / HTTP/1.1" 200 4338
::1 - - [17/Mar/2021:00:02:52 +0000] "GET /images/profile_pictures/teste.jpg HTTP/1.1" 304 -
::1 - - [17/Mar/2021:00:02:52 +0000] "GET /images/logo/logo.png HTTP/1.1" 304 -
::1 - - [17/Mar/2021:00:02:52 +0000] "GET /feeds/teste_8ab36c10-d7b8-ce99-f4d7-1b0453c289124.png HTTP/1.1" 304 -
::1 - - [17/Mar/2021:00:05:56 +0000] "GET / HTTP/1.1" 200 4341
::1 - - [17/Mar/2021:00:05:57 +0000] "GET /images/profile_pictures/teste.jpg HTTP/1.1" 304 -
::1 - - [17/Mar/2021:00:05:57 +0000] "GET /images/logo/logo.png HTTP/1.1" 304 -
::1 - - [17/Mar/2021:00:05:57 +0000] "GET /feeds/teste_8ab36c10-d7b8-ce99-f4d7-1b0453c289124.png HTTP/1.1" 304 -
::1 - - [17/Mar/2021:00:07:23 +0000] "GET / HTTP/1.1" 200 4341
::1 - - [17/Mar/2021:00:07:23 +0000] "GET /images/profile_pictures/teste.jpg HTTP/1.1" 304 -
::1 - - [17/Mar/2021:00:07:23 +0000] "GET /images/logo/logo.png HTTP/1.1" 304 -
::1 - - [17/Mar/2021:00:07:23 +0000] "GET /feeds/teste_8ab36c10-d7b8-ce99-f4d7-1b0453c289124.png HTTP/1.1" 304 -
::1 - - [17/Mar/2021:00:07:25 +0000] "GET / HTTP/1.1" 304 -
::1 - - [17/Mar/2021:00:07:25 +0000] "GET /images/profile_pictures/teste.jpg HTTP/1.1" 304 -
::1 - - [17/Mar/2021:00:07:25 +0000] "GET /feeds/teste_8ab36c10-d7b8-ce99-f4d7-1b0453c289124.png HTTP/1.1" 304 -
::1 - - [17/Mar/2021:00:07:25 +0000] "GET /images/logo/logo.png HTTP/1.1" 304 -
::1 - - [17/Mar/2021:00:09:39 +0000] "GET / HTTP/1.1" 200 4341
::1 - - [17/Mar/2021:00:09:39 +0000] "GET /images/logo/logo.png HTTP/1.1" 304 -
::1 - - [17/Mar/2021:00:09:39 +0000] "GET /images/profile_pictures/teste.jpg HTTP/1.1" 304 -
::1 - - [17/Mar/2021:00:09:39 +0000] "GET /feeds/teste_8ab36c10-d7b8-ce99-f4d7-1b0453c289124.png HTTP/1.1" 304 -
::1 - - [17/Mar/2021:00:13:36 +0000] "GET / HTTP/1.1" 204 -
::1 - - [17/Mar/2021:00:13:41 +0000] "GET / HTTP/1.1" 204 -
::1 - - [17/Mar/2021:00:13:44 +0000] "POST /account/getin HTTP/1.1" 204 -
::1 - - [17/Mar/2021:00:13:44 +0000] "GET / HTTP/1.1" 200 4789
::1 - - [17/Mar/2021:00:13:44 +0000] "GET /images/profile_pictures/teste.jpg HTTP/1.1" 304 -
::1 - - [17/Mar/2021:00:13:44 +0000] "GET /images/logo/logo.png HTTP/1.1" 304 -
::1 - - [17/Mar/2021:00:13:44 +0000] "GET /feeds/teste_8ab36c10-d7b8-ce99-f4d7-1b0453c289124.png HTTP/1.1" 304 -
::1 - - [17/Mar/2021:00:13:46 +0000] "GET / HTTP/1.1" 200 4793
::1 - - [17/Mar/2021:00:13:46 +0000] "GET /images/profile_pictures/teste.jpg HTTP/1.1" 304 -
::1 - - [17/Mar/2021:00:13:46 +0000] "GET /feeds/teste_8ab36c10-d7b8-ce99-f4d7-1b0453c289124.png HTTP/1.1" 304 -
::1 - - [17/Mar/2021:00:13:46 +0000] "GET /images/logo/logo.png HTTP/1.1" 304 -
::1 - - [17/Mar/2021:00:24:34 +0000] "GET /api/v1/follow HTTP/1.1" 404 152
::1 - - [17/Mar/2021:00:24:34 +0000] "GET /api/v1/follow HTTP/1.1" 404 152
::1 - - [17/Mar/2021:00:24:48 +0000] "GET /api/v1/follow HTTP/1.1" 404 152
::1 - - [17/Mar/2021:00:24:48 +0000] "GET /api/v1/follow HTTP/1.1" 404 152
::1 - - [17/Mar/2021:00:25:18 +0000] "GET / HTTP/1.1" 200 4794
::1 - - [17/Mar/2021:00:25:18 +0000] "GET /images/profile_pictures/teste.jpg HTTP/1.1" 304 -
::1 - - [17/Mar/2021:00:25:18 +0000] "GET /feeds/teste_8ab36c10-d7b8-ce99-f4d7-1b0453c289124.png HTTP/1.1" 304 -
::1 - - [17/Mar/2021:00:25:18 +0000] "GET /images/logo/logo.png HTTP/1.1" 304 -
::1 - - [17/Mar/2021:00:26:01 +0000] "GET / HTTP/1.1" 304 -
::1 - - [17/Mar/2021:00:26:01 +0000] "GET /images/profile_pictures/teste.jpg HTTP/1.1" 304 -
::1 - - [17/Mar/2021:00:26:01 +0000] "GET /images/logo/logo.png HTTP/1.1" 304 -
::1 - - [17/Mar/2021:00:26:05 +0000] "GET / HTTP/1.1" 304 -
::1 - - [17/Mar/2021:00:26:06 +0000] "GET /images/logo/logo.png HTTP/1.1" 304 -
::1 - - [17/Mar/2021:00:26:06 +0000] "GET /images/profile_pictures/teste.jpg HTTP/1.1" 304 -
::1 - - [17/Mar/2021:00:26:06 +0000] "GET /feeds/teste_8ab36c10-d7b8-ce99-f4d7-1b0453c289124.png HTTP/1.1" 304 -
::1 - - [17/Mar/2021:00:26:11 +0000] "GET / HTTP/1.1" 304 -
::1 - - [17/Mar/2021:00:26:11 +0000] "GET /images/profile_pictures/teste.jpg HTTP/1.1" 304 -
::1 - - [17/Mar/2021:00:26:11 +0000] "GET /feeds/teste_8ab36c10-d7b8-ce99-f4d7-1b0453c289124.png HTTP/1.1" 304 -
::1 - - [17/Mar/2021:00:26:11 +0000] "GET /images/logo/logo.png HTTP/1.1" 304 -
::1 - - [17/Mar/2021:00:26:14 +0000] "GET / HTTP/1.1" 200 4794
::1 - - [17/Mar/2021:00:26:15 +0000] "GET /images/profile_pictures/teste.jpg HTTP/1.1" 304 -
::1 - - [17/Mar/2021:00:26:15 +0000] "GET /feeds/teste_8ab36c10-d7b8-ce99-f4d7-1b0453c289124.png HTTP/1.1" 304 -
::1 - - [17/Mar/2021:00:26:15 +0000] "GET /images/logo/logo.png HTTP/1.1" 304 -
::1 - - [17/Mar/2021:00:26:44 +0000] "GET / HTTP/1.1" 304 -
::1 - - [17/Mar/2021:00:26:44 +0000] "GET /images/profile_pictures/teste.jpg HTTP/1.1" 304 -
::1 - - [17/Mar/2021:00:26:44 +0000] "GET /feeds/teste_8ab36c10-d7b8-ce99-f4d7-1b0453c289124.png HTTP/1.1" 304 -
::1 - - [17/Mar/2021:00:26:44 +0000] "GET /images/logo/logo.png HTTP/1.1" 304 -
::1 - - [17/Mar/2021:00:28:13 +0000] "GET / HTTP/1.1" 200 4794
::1 - - [17/Mar/2021:00:28:13 +0000] "GET /images/profile_pictures/teste.jpg HTTP/1.1" 304 -
::1 - - [17/Mar/2021:00:28:13 +0000] "GET /feeds/teste_8ab36c10-d7b8-ce99-f4d7-1b0453c289124.png HTTP/1.1" 304 -
::1 - - [17/Mar/2021:00:28:13 +0000] "GET /images/logo/logo.png HTTP/1.1" 304 -
::1 - - [17/Mar/2021:00:29:25 +0000] "GET / HTTP/1.1" 200 4794
::1 - - [17/Mar/2021:00:29:25 +0000] "GET /images/profile_pictures/teste.jpg HTTP/1.1" 304 -
::1 - - [17/Mar/2021:00:29:25 +0000] "GET /feeds/teste_8ab36c10-d7b8-ce99-f4d7-1b0453c289124.png HTTP/1.1" 304 -
::1 - - [17/Mar/2021:00:29:25 +0000] "GET /images/logo/logo.png HTTP/1.1" 304 -
::1 - - [17/Mar/2021:00:29:56 +0000] "GET / HTTP/1.1" 304 -
::1 - - [17/Mar/2021:00:29:56 +0000] "GET /images/logo/logo.png HTTP/1.1" 304 -
::1 - - [17/Mar/2021:00:29:56 +0000] "GET /images/profile_pictures/teste.jpg HTTP/1.1" 304 -
::1 - - [17/Mar/2021:00:29:56 +0000] "GET /feeds/teste_8ab36c10-d7b8-ce99-f4d7-1b0453c289124.png HTTP/1.1" 304 -
::1 - - [17/Mar/2021:00:29:59 +0000] "GET / HTTP/1.1" 304 -
::1 - - [17/Mar/2021:00:29:59 +0000] "GET /images/profile_pictures/teste.jpg HTTP/1.1" 304 -
::1 - - [17/Mar/2021:00:29:59 +0000] "GET /feeds/teste_8ab36c10-d7b8-ce99-f4d7-1b0453c289124.png HTTP/1.1" 304 -
::1 - - [17/Mar/2021:00:29:59 +0000] "GET /images/logo/logo.png HTTP/1.1" 304 -
::1 - - [17/Mar/2021:00:30:23 +0000] "GET / HTTP/1.1" 200 4794
::1 - - [17/Mar/2021:00:30:23 +0000] "GET /images/profile_pictures/teste.jpg HTTP/1.1" 304 -
::1 - - [17/Mar/2021:00:30:23 +0000] "GET /feeds/teste_8ab36c10-d7b8-ce99-f4d7-1b0453c289124.png HTTP/1.1" 304 -
::1 - - [17/Mar/2021:00:30:23 +0000] "GET /images/logo/logo.png HTTP/1.1" 304 -
::1 - - [17/Mar/2021:00:32:14 +0000] "GET / HTTP/1.1" 200 4794
::1 - - [17/Mar/2021:00:32:14 +0000] "GET /images/profile_pictures/teste.jpg HTTP/1.1" 304 -
::1 - - [17/Mar/2021:00:32:14 +0000] "GET /feeds/teste_8ab36c10-d7b8-ce99-f4d7-1b0453c289124.png HTTP/1.1" 304 -
::1 - - [17/Mar/2021:00:32:14 +0000] "GET /images/logo/logo.png HTTP/1.1" 304 -
::1 - - [17/Mar/2021:00:32:16 +0000] "OPTIONS /api/v1/follow HTTP/1.1" 204 0
::1 - - [17/Mar/2021:00:32:16 +0000] "POST /api/v1/follow HTTP/1.1" 200 4
::1 - - [17/Mar/2021:00:33:07 +0000] "GET / HTTP/1.1" 200 4928
::1 - - [17/Mar/2021:00:33:07 +0000] "GET /images/profile_pictures/teste.jpg HTTP/1.1" 304 -
::1 - - [17/Mar/2021:00:33:07 +0000] "GET /feeds/teste_8ab36c10-d7b8-ce99-f4d7-1b0453c289124.png HTTP/1.1" 304 -
::1 - - [17/Mar/2021:00:33:07 +0000] "GET /images/logo/logo.png HTTP/1.1" 304 -
::1 - - [17/Mar/2021:00:34:09 +0000] "GET / HTTP/1.1" 200 4928
::1 - - [17/Mar/2021:00:34:09 +0000] "GET /images/profile_pictures/teste.jpg HTTP/1.1" 304 -
::1 - - [17/Mar/2021:00:34:09 +0000] "GET /feeds/teste_8ab36c10-d7b8-ce99-f4d7-1b0453c289124.png HTTP/1.1" 304 -
::1 - - [17/Mar/2021:00:34:10 +0000] "GET /images/logo/logo.png HTTP/1.1" 304 -
::1 - - [17/Mar/2021:00:34:21 +0000] "GET / HTTP/1.1" 200 4928
::1 - - [17/Mar/2021:00:34:22 +0000] "GET /images/profile_pictures/teste.jpg HTTP/1.1" 304 -
::1 - - [17/Mar/2021:00:34:22 +0000] "GET /feeds/teste_8ab36c10-d7b8-ce99-f4d7-1b0453c289124.png HTTP/1.1" 304 -
::1 - - [17/Mar/2021:00:34:22 +0000] "GET /images/logo/logo.png HTTP/1.1" 304 -
::1 - - [17/Mar/2021:00:34:42 +0000] "GET / HTTP/1.1" 204 -
::1 - - [17/Mar/2021:00:34:49 +0000] "OPTIONS /api/v1/follow HTTP/1.1" 204 0
::1 - - [17/Mar/2021:00:34:56 +0000] "OPTIONS /api/v1/follow HTTP/1.1" 204 0
::1 - - [17/Mar/2021:00:36:21 +0000] "GET / HTTP/1.1" 204 -
::1 - - [17/Mar/2021:00:37:36 +0000] "GET / HTTP/1.1" 204 -
::1 - - [17/Mar/2021:00:38:07 +0000] "GET / HTTP/1.1" 204 -
::1 - - [17/Mar/2021:00:38:11 +0000] "GET / HTTP/1.1" 204 -
::1 - - [17/Mar/2021:00:38:14 +0000] "POST /account/getin HTTP/1.1" 204 -
::1 - - [17/Mar/2021:00:38:14 +0000] "GET / HTTP/1.1" 200 4924
::1 - - [17/Mar/2021:00:38:14 +0000] "GET /images/profile_pictures/teste.jpg HTTP/1.1" 200 58017
::1 - - [17/Mar/2021:00:38:14 +0000] "GET /feeds/teste_8ab36c10-d7b8-ce99-f4d7-1b0453c289124.png HTTP/1.1" 200 25663
::1 - - [17/Mar/2021:00:38:14 +0000] "GET /images/logo/logo.png HTTP/1.1" 200 18902
::1 - - [17/Mar/2021:00:38:22 +0000] "GET / HTTP/1.1" 200 4927
::1 - - [17/Mar/2021:00:38:22 +0000] "GET /images/profile_pictures/teste.jpg HTTP/1.1" 304 -
::1 - - [17/Mar/2021:00:38:22 +0000] "GET /feeds/teste_8ab36c10-d7b8-ce99-f4d7-1b0453c289124.png HTTP/1.1" 304 -
::1 - - [17/Mar/2021:00:38:22 +0000] "GET /images/logo/logo.png HTTP/1.1" 304 -
::1 - - [17/Mar/2021:00:38:23 +0000] "OPTIONS /api/v1/follow HTTP/1.1" 204 0
::1 - - [17/Mar/2021:00:38:23 +0000] "POST /api/v1/follow HTTP/1.1" 200 4
::1 - - [17/Mar/2021:00:38:29 +0000] "GET / HTTP/1.1" 200 5062
::1 - - [17/Mar/2021:00:38:29 +0000] "GET /images/profile_pictures/teste.jpg HTTP/1.1" 304 -
::1 - - [17/Mar/2021:00:38:29 +0000] "GET /feeds/teste_8ab36c10-d7b8-ce99-f4d7-1b0453c289124.png HTTP/1.1" 304 -
::1 - - [17/Mar/2021:00:38:29 +0000] "GET /images/logo/logo.png HTTP/1.1" 304 -
::1 - - [17/Mar/2021:00:38:31 +0000] "OPTIONS /api/v1/follow HTTP/1.1" 204 0
::1 - - [17/Mar/2021:00:38:37 +0000] "OPTIONS /api/v1/follow HTTP/1.1" 204 0
::1 - - [17/Mar/2021:00:38:56 +0000] "GET / HTTP/1.1" 200 5062
::1 - - [17/Mar/2021:00:38:56 +0000] "GET /images/logo/logo.png HTTP/1.1" 304 -
::1 - - [17/Mar/2021:00:38:56 +0000] "GET /images/profile_pictures/teste.jpg HTTP/1.1" 304 -
::1 - - [17/Mar/2021:00:38:56 +0000] "GET /feeds/teste_8ab36c10-d7b8-ce99-f4d7-1b0453c289124.png HTTP/1.1" 304 -
::1 - - [17/Mar/2021:00:39:11 +0000] "GET / HTTP/1.1" 200 5062
::1 - - [17/Mar/2021:00:39:11 +0000] "GET /images/profile_pictures/teste.jpg HTTP/1.1" 304 -
::1 - - [17/Mar/2021:00:39:11 +0000] "GET /images/logo/logo.png HTTP/1.1" 304 -
::1 - - [17/Mar/2021:00:39:11 +0000] "GET /feeds/teste_8ab36c10-d7b8-ce99-f4d7-1b0453c289124.png HTTP/1.1" 304 -
::1 - - [17/Mar/2021:00:39:21 +0000] "GET / HTTP/1.1" 200 5060
::1 - - [17/Mar/2021:00:39:22 +0000] "GET //images/profile_pictures/teste.jpg HTTP/1.1" 200 58017
::1 - - [17/Mar/2021:00:39:22 +0000] "GET //images/logo/logo.png HTTP/1.1" 200 18902
::1 - - [17/Mar/2021:00:39:23 +0000] "GET / HTTP/1.1" 304 -
::1 - - [17/Mar/2021:00:39:23 +0000] "GET /images/profile_pictures/teste.jpg HTTP/1.1" 304 -
::1 - - [17/Mar/2021:00:39:23 +0000] "GET /images/logo/logo.png HTTP/1.1" 304 -
::1 - - [17/Mar/2021:00:39:23 +0000] "GET /feeds/teste_8ab36c10-d7b8-ce99-f4d7-1b0453c289124.png HTTP/1.1" 304 -
::1 - - [18/Mar/2021:00:42:26 +0000] "GET / HTTP/1.1" 204 -
::1 - - [18/Mar/2021:00:42:38 +0000] "POST /account/getin HTTP/1.1" 204 -
::1 - - [18/Mar/2021:00:42:41 +0000] "POST /account/getin HTTP/1.1" 204 -
::1 - - [18/Mar/2021:00:42:51 +0000] "POST /account/getin HTTP/1.1" 204 -
::1 - - [18/Mar/2021:00:42:53 +0000] "POST /account/getin HTTP/1.1" 204 -
::1 - - [18/Mar/2021:00:42:55 +0000] "POST /account/getin HTTP/1.1" 204 -
::1 - - [18/Mar/2021:00:42:57 +0000] "POST /account/getin HTTP/1.1" 204 -
::1 - - [18/Mar/2021:00:43:37 +0000] "GET / HTTP/1.1" 200 4739
::1 - - [18/Mar/2021:00:43:44 +0000] "POST /account/getin HTTP/1.1" 204 -
::1 - - [18/Mar/2021:00:45:16 +0000] "GET / HTTP/1.1" 200 5055
::1 - - [18/Mar/2021:00:45:16 +0000] "GET /images/profile_pictures/teste.jpg HTTP/1.1" 200 58017
::1 - - [18/Mar/2021:00:45:16 +0000] "GET /images/logo/logo.png HTTP/1.1" 200 18902
::1 - - [18/Mar/2021:00:45:16 +0000] "GET /feeds/teste_8ab36c10-d7b8-ce99-f4d7-1b0453c289124.png HTTP/1.1" 200 25663
::1 - - [18/Mar/2021:00:46:29 +0000] "GET / HTTP/1.1" 200 5055
::ffff:127.0.0.1 - - [22/Mar/2021:19:11:45 +0000] "GET / HTTP/1.1" 204 -
::ffff:127.0.0.1 - - [22/Mar/2021:19:11:45 +0000] "GET / HTTP/1.1" 204 -
::1 - - [22/Mar/2021:19:11:48 +0000] "GET / HTTP/1.1" 204 -
::1 - - [22/Mar/2021:19:11:51 +0000] "POST /account/getin HTTP/1.1" 400 37
::ffff:127.0.0.1 - - [22/Mar/2021:19:11:55 +0000] "GET / HTTP/1.1" 204 -
::ffff:127.0.0.1 - - [22/Mar/2021:19:12:02 +0000] "GET / HTTP/1.1" 204 -
::ffff:127.0.0.1 - - [22/Mar/2021:19:12:02 +0000] "GET / HTTP/1.1" 204 -
::1 - - [22/Mar/2021:19:12:02 +0000] "POST /account/getin HTTP/1.1" 204 -
::1 - - [22/Mar/2021:19:12:02 +0000] "GET / HTTP/1.1" 200 5055
::1 - - [22/Mar/2021:19:12:02 +0000] "GET /images/logo/logo.png HTTP/1.1" 200 18902
::1 - - [22/Mar/2021:19:12:02 +0000] "GET /feeds/teste_8ab36c10-d7b8-ce99-f4d7-1b0453c289124.png HTTP/1.1" 200 25663
::1 - - [22/Mar/2021:19:12:02 +0000] "GET /images/profile_pictures/teste.jpg HTTP/1.1" 200 58017
::1 - - [22/Mar/2021:19:12:05 +0000] "GET / HTTP/1.1" 200 5058
::1 - - [22/Mar/2021:19:12:05 +0000] "GET /images/profile_pictures/teste.jpg HTTP/1.1" 304 -
::1 - - [22/Mar/2021:19:12:05 +0000] "GET /feeds/teste_8ab36c10-d7b8-ce99-f4d7-1b0453c289124.png HTTP/1.1" 304 -
::ffff:127.0.0.1 - - [22/Mar/2021:19:12:12 +0000] "GET / HTTP/1.1" 204 -
::1 - - [22/Mar/2021:19:12:15 +0000] "GET / HTTP/1.1" 200 5059
::1 - - [22/Mar/2021:19:12:15 +0000] "GET /images/profile_pictures/teste.jpg HTTP/1.1" 304 -
::1 - - [22/Mar/2021:19:12:15 +0000] "GET /feeds/teste_8ab36c10-d7b8-ce99-f4d7-1b0453c289124.png HTTP/1.1" 304 -
::1 - - [22/Mar/2021:19:12:15 +0000] "GET /images/logo/logo.png HTTP/1.1" 304 -
::ffff:127.0.0.1 - - [22/Mar/2021:19:12:27 +0000] "POST /account/new HTTP/1.1" 204 -
::ffff:127.0.0.1 - - [22/Mar/2021:19:12:29 +0000] "POST /account/new HTTP/1.1" 204 -
::ffff:127.0.0.1 - - [22/Mar/2021:19:12:30 +0000] "GET / HTTP/1.1" 200 5455
::ffff:127.0.0.1 - - [22/Mar/2021:19:12:31 +0000] "GET /images/logo/logo.png HTTP/1.1" 200 18902
::ffff:127.0.0.1 - - [22/Mar/2021:19:12:31 +0000] "GET /images/profile_pictures/teste.jpg HTTP/1.1" 200 58017
::ffff:127.0.0.1 - - [22/Mar/2021:19:12:32 +0000] "GET /feeds/teste_8ab36c10-d7b8-ce99-f4d7-1b0453c289124.png HTTP/1.1" 200 25663
::ffff:127.0.0.1 - - [22/Mar/2021:19:12:33 +0000] "GET / HTTP/1.1" 200 5454
::ffff:127.0.0.1 - - [22/Mar/2021:19:12:33 +0000] "GET /images/profile_pictures/teste.jpg HTTP/1.1" 200 58017
::ffff:127.0.0.1 - - [22/Mar/2021:19:12:33 +0000] "GET /images/logo/logo.png HTTP/1.1" 200 18902
::1 - - [22/Mar/2021:19:12:34 +0000] "GET / HTTP/1.1" 200 5904
::1 - - [22/Mar/2021:19:12:34 +0000] "GET /images/profile_pictures/teste.jpg HTTP/1.1" 304 -
::ffff:127.0.0.1 - - [22/Mar/2021:19:12:34 +0000] "GET /feeds/teste_8ab36c10-d7b8-ce99-f4d7-1b0453c289124.png HTTP/1.1" 304 -
::ffff:127.0.0.1 - - [22/Mar/2021:19:12:35 +0000] "GET /feeds/teste_8ab36c10-d7b8-ce99-f4d7-1b0453c289124.png HTTP/1.1" 200 25663
::ffff:127.0.0.1 - - [22/Mar/2021:19:12:35 +0000] "GET /favicon.ico HTTP/1.1" 404 150
::1 - - [22/Mar/2021:19:12:36 +0000] "GET /feeds/teste_8ab36c10-d7b8-ce99-f4d7-1b0453c289124.png HTTP/1.1" 304 -
::1 - - [22/Mar/2021:19:12:37 +0000] "GET /favicon.ico HTTP/1.1" 404 150
::ffff:127.0.0.1 - - [22/Mar/2021:19:12:50 +0000] "GET / HTTP/1.1" 200 5456
::ffff:127.0.0.1 - - [22/Mar/2021:19:12:50 +0000] "GET /images/profile_pictures/teste.jpg HTTP/1.1" 304 -
::ffff:127.0.0.1 - - [22/Mar/2021:19:12:50 +0000] "GET /images/logo/logo.png HTTP/1.1" 304 -
::ffff:127.0.0.1 - - [22/Mar/2021:19:12:51 +0000] "GET /feeds/teste_8ab36c10-d7b8-ce99-f4d7-1b0453c289124.png HTTP/1.1" 304 -
::ffff:127.0.0.1 - - [22/Mar/2021:19:12:58 +0000] "GET / HTTP/1.1" 200 5455
::ffff:127.0.0.1 - - [22/Mar/2021:19:12:58 +0000] "GET /images/profile_pictures/teste.jpg HTTP/1.1" 304 -
::ffff:127.0.0.1 - - [22/Mar/2021:19:12:58 +0000] "GET /images/logo/logo.png HTTP/1.1" 304 -
::1 - - [22/Mar/2021:19:13:53 +0000] "GET / HTTP/1.1" 200 5903
::1 - - [22/Mar/2021:19:14:00 +0000] "GET / HTTP/1.1" 304 -
::1 - - [22/Mar/2021:19:14:00 +0000] "GET /images/profile_pictures/teste.jpg HTTP/1.1" 304 -
::1 - - [22/Mar/2021:19:14:22 +0000] "GET / HTTP/1.1" 304 -
::1 - - [22/Mar/2021:19:14:22 +0000] "GET /images/profile_pictures/teste.jpg HTTP/1.1" 304 -
::1 - - [22/Mar/2021:19:14:22 +0000] "GET /images/logo/logo.png HTTP/1.1" 304 -
::1 - - [22/Mar/2021:19:14:22 +0000] "GET /feeds/teste_8ab36c10-d7b8-ce99-f4d7-1b0453c289124.png HTTP/1.1" 304 -
::1 - - [22/Mar/2021:19:14:26 +0000] "GET / HTTP/1.1" 304 -
::1 - - [22/Mar/2021:19:14:26 +0000] "GET /images/profile_pictures/teste.jpg HTTP/1.1" 304 -
::ffff:127.0.0.1 - - [22/Mar/2021:19:18:30 +0000] "GET / HTTP/1.1" 200 5876
::ffff:127.0.0.1 - - [22/Mar/2021:19:18:30 +0000] "GET /images/profile_pictures/teste.jpg HTTP/1.1" 304 -
::ffff:127.0.0.1 - - [22/Mar/2021:19:18:30 +0000] "GET /images/logo/logo.png HTTP/1.1" 304 -
::ffff:127.0.0.1 - - [22/Mar/2021:19:18:30 +0000] "GET /feeds/teste_8ab36c10-d7b8-ce99-f4d7-1b0453c289124.png HTTP/1.1" 304 -
::ffff:127.0.0.1 - - [22/Mar/2021:19:22:26 +0000] "GET / HTTP/1.1" 200 6721
::ffff:127.0.0.1 - - [22/Mar/2021:19:22:27 +0000] "GET //images/profile_pictures/teste.jpg HTTP/1.1" 200 58017
::ffff:127.0.0.1 - - [22/Mar/2021:19:22:27 +0000] "GET //images/logo/logo.png HTTP/1.1" 200 18902
::ffff:127.0.0.1 - - [22/Mar/2021:19:22:37 +0000] "GET / HTTP/1.1" 304 -
::ffff:127.0.0.1 - - [22/Mar/2021:19:22:37 +0000] "GET /images/profile_pictures/teste.jpg HTTP/1.1" 304 -
::ffff:127.0.0.1 - - [22/Mar/2021:19:22:37 +0000] "GET /images/logo/logo.png HTTP/1.1" 304 -
::ffff:127.0.0.1 - - [22/Mar/2021:19:22:39 +0000] "GET /feeds/teste_8ab36c10-d7b8-ce99-f4d7-1b0453c289124.png HTTP/1.1" 304 -
::1 - - [22/Mar/2021:19:43:15 +0000] "GET / HTTP/1.1" 200 7165
::1 - - [22/Mar/2021:19:43:15 +0000] "GET /images/profile_pictures/teste.jpg HTTP/1.1" 304 -
::1 - - [22/Mar/2021:19:43:15 +0000] "GET /images/logo/logo.png HTTP/1.1" 304 -
::1 - - [22/Mar/2021:19:43:15 +0000] "GET /feeds/teste_8ab36c10-d7b8-ce99-f4d7-1b0453c289124.png HTTP/1.1" 304 -
::1 - - [22/Mar/2021:19:43:17 +0000] "GET /out HTTP/1.1" 404 142
::1 - - [22/Mar/2021:19:43:20 +0000] "GET / HTTP/1.1" 200 7166
::1 - - [22/Mar/2021:19:43:29 +0000] "GET / HTTP/1.1" 200 7166
::1 - - [22/Mar/2021:19:43:29 +0000] "GET /images/profile_pictures/teste.jpg HTTP/1.1" 304 -
::1 - - [22/Mar/2021:19:43:29 +0000] "GET /images/logo/logo.png HTTP/1.1" 304 -
::1 - - [22/Mar/2021:19:43:29 +0000] "GET /feeds/teste_8ab36c10-d7b8-ce99-f4d7-1b0453c289124.png HTTP/1.1" 304 -
::1 - - [22/Mar/2021:20:57:06 +0000] "GET /images/profile_pictures/teste.jpg HTTP/1.1" 304 -
::1 - - [22/Mar/2021:20:57:06 +0000] "GET /images/logo/logo.png HTTP/1.1" 304 -
::1 - - [22/Mar/2021:21:03:52 +0000] "GET /images/profile_pictures/teste.jpg HTTP/1.1" 304 -
::1 - - [22/Mar/2021:21:04:25 +0000] "GET /images/profile_pictures/teste.jpg HTTP/1.1" 304 -
::1 - - [22/Mar/2021:21:07:59 +0000] "GET /images/profile_pictures/teste.jpg HTTP/1.1" 304 -
::1 - - [22/Mar/2021:21:07:59 +0000] "GET /feeds/teste_8ab36c10-d7b8-ce99-f4d7-1b0453c289124.png HTTP/1.1" 304 -
::1 - - [22/Mar/2021:21:08:05 +0000] "GET /images/profile_pictures/teste.jpg HTTP/1.1" 304 -
::1 - - [22/Mar/2021:21:08:05 +0000] "GET /feeds/teste_8ab36c10-d7b8-ce99-f4d7-1b0453c289124.png HTTP/1.1" 304 -
::1 - - [22/Mar/2021:21:10:40 +0000] "GET /images/profile_pictures/teste.jpg HTTP/1.1" 304 -
::1 - - [22/Mar/2021:21:10:40 +0000] "GET /feeds/teste_8ab36c10-d7b8-ce99-f4d7-1b0453c289124.png HTTP/1.1" 304 -
::1 - - [22/Mar/2021:21:11:58 +0000] "GET /images/profile_pictures/teste.jpg HTTP/1.1" 304 -
::1 - - [22/Mar/2021:21:11:58 +0000] "GET /feeds/teste_8ab36c10-d7b8-ce99-f4d7-1b0453c289124.png HTTP/1.1" 304 -
::1 - - [22/Mar/2021:21:12:25 +0000] "GET /images/profile_pictures/teste.jpg HTTP/1.1" 304 -
::1 - - [22/Mar/2021:21:12:25 +0000] "GET /feeds/teste_8ab36c10-d7b8-ce99-f4d7-1b0453c289124.png HTTP/1.1" 304 -
::1 - - [22/Mar/2021:21:14:09 +0000] "GET /images/profile_pictures/teste.jpg HTTP/1.1" 304 -
::1 - - [22/Mar/2021:21:14:09 +0000] "GET /feeds/teste_8ab36c10-d7b8-ce99-f4d7-1b0453c289124.png HTTP/1.1" 304 -
::1 - - [22/Mar/2021:21:15:30 +0000] "GET /images/profile_pictures/teste.jpg HTTP/1.1" 304 -
::1 - - [22/Mar/2021:21:15:30 +0000] "GET /feeds/teste_8ab36c10-d7b8-ce99-f4d7-1b0453c289124.png HTTP/1.1" 304 -
::1 - - [22/Mar/2021:21:15:52 +0000] "GET /images/profile_pictures/teste.jpg HTTP/1.1" 304 -
::1 - - [22/Mar/2021:21:15:52 +0000] "GET /feeds/teste_8ab36c10-d7b8-ce99-f4d7-1b0453c289124.png HTTP/1.1" 304 -
::1 - - [22/Mar/2021:21:16:09 +0000] "GET /images/profile_pictures/teste.jpg HTTP/1.1" 304 -
::1 - - [22/Mar/2021:21:16:09 +0000] "GET /feeds/teste_8ab36c10-d7b8-ce99-f4d7-1b0453c289124.png HTTP/1.1" 304 -
::1 - - [22/Mar/2021:21:16:25 +0000] "GET /images/profile_pictures/teste.jpg HTTP/1.1" 304 -
::1 - - [22/Mar/2021:21:16:25 +0000] "GET /feeds/teste_8ab36c10-d7b8-ce99-f4d7-1b0453c289124.png HTTP/1.1" 304 -
::1 - - [22/Mar/2021:21:16:37 +0000] "GET /images/profile_pictures/teste.jpg HTTP/1.1" 304 -
::1 - - [22/Mar/2021:21:16:37 +0000] "GET /feeds/teste_8ab36c10-d7b8-ce99-f4d7-1b0453c289124.png HTTP/1.1" 304 -
::1 - - [22/Mar/2021:21:17:15 +0000] "GET /images/profile_pictures/teste.jpg HTTP/1.1" 304 -
::1 - - [22/Mar/2021:21:17:15 +0000] "GET /feeds/teste_8ab36c10-d7b8-ce99-f4d7-1b0453c289124.png HTTP/1.1" 304 -
::1 - - [22/Mar/2021:21:17:36 +0000] "GET /images/profile_pictures/teste.jpg HTTP/1.1" 304 -
::1 - - [22/Mar/2021:21:17:36 +0000] "GET /feeds/teste_8ab36c10-d7b8-ce99-f4d7-1b0453c289124.png HTTP/1.1" 304 -
::1 - - [22/Mar/2021:21:19:59 +0000] "GET /images/profile_pictures/teste.jpg HTTP/1.1" 304 -
::1 - - [22/Mar/2021:21:19:59 +0000] "GET /feeds/teste_8ab36c10-d7b8-ce99-f4d7-1b0453c289124.png HTTP/1.1" 304 -
::1 - - [22/Mar/2021:21:20:21 +0000] "GET /images/profile_pictures/teste.jpg HTTP/1.1" 304 -
::1 - - [22/Mar/2021:21:20:21 +0000] "GET /feeds/teste_8ab36c10-d7b8-ce99-f4d7-1b0453c289124.png HTTP/1.1" 304 -
::1 - - [22/Mar/2021:21:21:00 +0000] "GET /images/profile_pictures/teste.jpg HTTP/1.1" 304 -
::1 - - [22/Mar/2021:21:21:00 +0000] "GET /feeds/teste_8ab36c10-d7b8-ce99-f4d7-1b0453c289124.png HTTP/1.1" 304 -
::1 - - [22/Mar/2021:21:21:00 +0000] "GET /images/logo/logo.png HTTP/1.1" 304 -
::1 - - [22/Mar/2021:21:21:52 +0000] "GET /images/profile_pictures/teste.jpg HTTP/1.1" 304 -
::1 - - [22/Mar/2021:21:21:52 +0000] "GET /images/logo/logo.png HTTP/1.1" 304 -
::1 - - [22/Mar/2021:21:21:52 +0000] "GET /feeds/teste_8ab36c10-d7b8-ce99-f4d7-1b0453c289124.png HTTP/1.1" 304 -
::1 - - [22/Mar/2021:21:24:00 +0000] "GET /images/profile_pictures/teste.jpg HTTP/1.1" 304 -
::1 - - [22/Mar/2021:21:24:00 +0000] "GET /images/logo/logo.png HTTP/1.1" 304 -
::1 - - [22/Mar/2021:21:24:00 +0000] "GET /feeds/teste_8ab36c10-d7b8-ce99-f4d7-1b0453c289124.png HTTP/1.1" 304 -
::1 - - [22/Mar/2021:21:24:03 +0000] "GET /images/profile_pictures/teste.jpg HTTP/1.1" 304 -
::1 - - [22/Mar/2021:21:24:03 +0000] "GET /feeds/teste_8ab36c10-d7b8-ce99-f4d7-1b0453c289124.png HTTP/1.1" 304 -
::1 - - [22/Mar/2021:21:24:03 +0000] "GET /images/logo/logo.png HTTP/1.1" 304 -
::1 - - [22/Mar/2021:21:35:39 +0000] "GET /images/profile_pictures/teste.jpg HTTP/1.1" 304 -
::1 - - [22/Mar/2021:21:35:39 +0000] "GET /feeds/teste_8ab36c10-d7b8-ce99-f4d7-1b0453c289124.png HTTP/1.1" 304 -
::1 - - [22/Mar/2021:21:35:39 +0000] "GET /images/logo/logo.png HTTP/1.1" 304 -
::1 - - [22/Mar/2021:21:37:04 +0000] "GET /images/logo/logo.png HTTP/1.1" 304 -
::1 - - [22/Mar/2021:21:37:04 +0000] "GET /feeds/teste_8ab36c10-d7b8-ce99-f4d7-1b0453c289124.png HTTP/1.1" 304 -
::1 - - [24/Mar/2021:20:49:45 +0000] "GET /images/logo/logo.png HTTP/1.1" 304 -
::1 - - [24/Mar/2021:20:49:58 +0000] "GET /feeds/605ba3636f73d5527849eacd_9ad38142-86a3-c623-643e-2f0ca3ffc181Captura%20de%20tela%202020-11-07%20164106.jpg HTTP/1.1" 404 251
::1 - - [24/Mar/2021:20:51:08 +0000] "GET /images/logo/logo.png HTTP/1.1" 304 -
::1 - - [24/Mar/2021:20:55:45 +0000] "GET /images/logo/logo.png HTTP/1.1" 304 -
::1 - - [24/Mar/2021:20:57:21 +0000] "GET /images/logo/logo.png HTTP/1.1" 304 -
::1 - - [24/Mar/2021:21:04:52 +0000] "GET /images/logo/logo.png HTTP/1.1" 304 -
::1 - - [24/Mar/2021:21:05:11 +0000] "GET /images/logo/logo.png HTTP/1.1" 304 -
::1 - - [24/Mar/2021:21:05:28 +0000] "GET /images/logo/logo.png HTTP/1.1" 304 -
::1 - - [24/Mar/2021:21:07:08 +0000] "GET /images/logo/logo.png HTTP/1.1" 304 -
::1 - - [24/Mar/2021:21:10:34 +0000] "GET /images/logo/logo.png HTTP/1.1" 304 -
::1 - - [24/Mar/2021:21:11:19 +0000] "GET /images/logo/logo.png HTTP/1.1" 304 -
::1 - - [24/Mar/2021:21:11:39 +0000] "GET /images/logo/logo.png HTTP/1.1" 304 -
::1 - - [24/Mar/2021:21:11:54 +0000] "GET /images/logo/logo.png HTTP/1.1" 304 -
::1 - - [24/Mar/2021:21:12:59 +0000] "GET /images/logo/logo.png HTTP/1.1" 304 -
::1 - - [24/Mar/2021:21:48:48 +0000] "GET /images/logo/logo.png HTTP/1.1" 304 -
::1 - - [24/Mar/2021:21:48:48 +0000] "GET /feeds/605ba3636f73d5527849eacd_9ad38142-86a3-c623-643e-2f0ca3ffc181Captura%20de%20tela%202020-11-07%20164106.jpg HTTP/1.1" 404 251
::1 - - [24/Mar/2021:21:49:26 +0000] "GET /images/logo/logo.png HTTP/1.1" 304 -
::1 - - [24/Mar/2021:21:49:26 +0000] "GET /feeds/605ba3636f73d5527849eacd_9ad38142-86a3-c623-643e-2f0ca3ffc181Captura%20de%20tela%202020-11-07%20164106.jpg HTTP/1.1" 404 251
::1 - - [24/Mar/2021:21:49:37 +0000] "GET /images/logo/logo.png HTTP/1.1" 304 -
::1 - - [24/Mar/2021:21:49:37 +0000] "GET /feeds/605ba3636f73d5527849eacd_9ad38142-86a3-c623-643e-2f0ca3ffc181Captura%20de%20tela%202020-11-07%20164106.jpg HTTP/1.1" 404 251
::ffff:127.0.0.1 - - [30/Mar/2021:16:31:47 +0000] "GET / HTTP/1.1" 204 -
::ffff:127.0.0.1 - - [30/Mar/2021:16:31:50 +0000] "GET / HTTP/1.1" 204 -
::ffff:127.0.0.1 - - [30/Mar/2021:16:40:00 +0000] "GET / HTTP/1.1" 204 -
::ffff:127.0.0.1 - - [31/Mar/2021:19:42:08 +0000] "GET /images/logo/logo.png HTTP/1.1" 200 18902
::ffff:127.0.0.1 - - [02/Apr/2021:22:01:05 +0000] "GET /images/logo/logo.png HTTP/1.1" 200 18902
::ffff:127.0.0.1 - - [02/Apr/2021:22:04:58 +0000] "GET /images/logo/logo.png HTTP/1.1" 304 -
::ffff:127.0.0.1 - - [03/Apr/2021:18:01:28 +0000] "GET /feeds/6064cd8a816e7e283869d067_ad53eaff-e0ad-8bc5-ce75-609bedbef45bWiener.png HTTP/1.1" 404 216
::ffff:127.0.0.1 - - [03/Apr/2021:18:01:28 +0000] "GET /images/logo/logo.png HTTP/1.1" 200 18902
::ffff:127.0.0.1 - - [03/Apr/2021:18:01:34 +0000] "GET /images/logo/logo.png HTTP/1.1" 304 -
::ffff:127.0.0.1 - - [03/Apr/2021:18:01:34 +0000] "GET /feeds/6064cd8a816e7e283869d067_ad53eaff-e0ad-8bc5-ce75-609bedbef45bWiener.png HTTP/1.1" 404 216
::ffff:127.0.0.1 - - [03/Apr/2021:18:02:47 +0000] "GET /images/logo/logo.png HTTP/1.1" 304 -
::ffff:127.0.0.1 - - [03/Apr/2021:18:02:47 +0000] "GET /feeds/6064cd8a816e7e283869d067_ad53eaff-e0ad-8bc5-ce75-609bedbef45bWiener.png HTTP/1.1" 404 216
::ffff:127.0.0.1 - - [03/Apr/2021:18:07:28 +0000] "GET /feeds/6064cd8a816e7e283869d067_ad53eaff-e0ad-8bc5-ce75-609bedbef45bWiener.png HTTP/1.1" 404 216
::ffff:127.0.0.1 - - [03/Apr/2021:18:07:28 +0000] "GET /images/logo/logo.png HTTP/1.1" 304 -
::ffff:127.0.0.1 - - [03/Apr/2021:18:12:45 +0000] "GET /images/logo/logo.png HTTP/1.1" 304 -
::ffff:127.0.0.1 - - [03/Apr/2021:18:12:45 +0000] "GET /feeds/6064cd8a816e7e283869d067_ad53eaff-e0ad-8bc5-ce75-609bedbef45bWiener.png HTTP/1.1" 404 216
::ffff:127.0.0.1 - - [03/Apr/2021:18:17:04 +0000] "GET /images/logo/logo.png HTTP/1.1" 304 -
::ffff:127.0.0.1 - - [03/Apr/2021:18:17:04 +0000] "GET /feeds/6064cd8a816e7e283869d067_ad53eaff-e0ad-8bc5-ce75-609bedbef45bWiener.png HTTP/1.1" 404 216
::ffff:127.0.0.1 - - [03/Apr/2021:18:20:50 +0000] "GET /feeds/6064cd8a816e7e283869d067_ad53eaff-e0ad-8bc5-ce75-609bedbef45bWiener.png HTTP/1.1" 404 216
::ffff:127.0.0.1 - - [03/Apr/2021:18:20:50 +0000] "GET /images/logo/logo.png HTTP/1.1" 304 -
::ffff:127.0.0.1 - - [03/Apr/2021:18:46:15 +0000] "GET /images/logo/logo.png HTTP/1.1" 200 18902
::ffff:127.0.0.1 - - [03/Apr/2021:18:48:51 +0000] "GET /images/logo/logo.png HTTP/1.1" 304 -
::ffff:127.0.0.1 - - [03/Apr/2021:19:08:11 +0000] "GET /images/logo/logo.png HTTP/1.1" 200 18902
::ffff:127.0.0.1 - - [03/Apr/2021:19:12:28 +0000] "GET /images/logo/logo.png HTTP/1.1" 304 -
::ffff:127.0.0.1 - - [03/Apr/2021:19:12:28 +0000] "GET /feeds/6064cd8a816e7e283869d067_ad53eaff-e0ad-8bc5-ce75-609bedbef45bWiener.png HTTP/1.1" 404 216
::ffff:127.0.0.1 - - [03/Apr/2021:19:12:54 +0000] "GET /images/logo/logo.png HTTP/1.1" 304 -
